22.03.2022 05:26:20 <!-- sql=[insert into login (email, password) values('nhatro@gmail.com', '123')] --> 
22.03.2022 05:31:01 <!-- sql=[insert into login (email, password) values('nhatro@gmail.com', '123')] --> 
22.03.2022 05:31:18 <!-- sql=[insert into login (email, password) values('nhatro@gmail.com', '123')] --> 
22.03.2022 05:31:20 <!-- sql=[insert into login (email, password) values('nhatro@gmail.com', '123')] --> 
22.03.2022 05:31:40 <!-- sql=[insert into login (email, password) values('nhatro@gmail.com', '123')] --> 
22.03.2022 05:31:43 <!-- sql=[insert into login (email, password) values('nhatro@gmail.com', '123')] --> 
22.03.2022 05:31:48 <!-- sql=[insert into login (email, password) values('nhatro@gmail.com', '123')] --> 
22.03.2022 05:33:35 <!-- sql=[insert into login (email, password) values('nhatro@gmail.com', '123')] --> 
22.03.2022 05:33:49 <!-- sql=[insert into login (email, password) values('nhatro@gmail.com', '123')] --> 
22.03.2022 05:36:27 <!-- sql=[insert into login (email, password) values('nhatro@gmail.com', '123')] --> 
22.03.2022 05:39:18 <!-- sql=[insert into login (email, password) values('nhatro@gmail.com', '123')] --> 
22.03.2022 05:39:23 <!-- sql=[insert into login (email, password) values('nhatro@gmail.com', '123')] --> 
22.03.2022 05:39:26 <!-- sql=[insert into login (email, password) values('nhatro@gmail.com', '123')] --> 
22.03.2022 05:39:29 <!-- sql=[insert into login (email, password) values('nhatro@gmail.com', '123')] --> 
22.03.2022 05:39:33 <!-- sql=[insert into login (email, password) values('nhatro@gmail.com', '123')] --> 
22.03.2022 05:48:01 <!-- sql=[truncate table login;] --> 
22.03.2022 05:48:35 <!-- sql=[truncate table login;] --> 
22.03.2022 05:48:49 <!-- sql=[truncate table login;] --> 
22.03.2022 05:52:23 <!-- sql=[insert into login (email, password) values('nhatro@gmail.com', '123')] --> 
22.03.2022 05:56:30 <!-- sql=[truncate table login;] --> 
22.03.2022 05:56:33 <!-- sql=[insert into login (email, password) values('nhatro@gmail.com', '123')] --> 
22.03.2022 05:56:35 <!-- sql=[truncate table login;] --> 
22.03.2022 05:57:42 <!-- sql=[insert into login (email, password) values('nhatro@gmail.com', '123')] --> 
22.03.2022 05:59:45 <!-- sql=[truncate table login;] --> 
22.03.2022 06:10:58 sql=[SELECT *
                    FROM users
                    WHERE email like 'nguyen@gmail.com'
            ] 
22.03.2022 06:10:58 <!-- sql=[
                INSERT INTO `users` (`username `, `password`, `email`) 
                VALUES ('duc', '', 'nguyen@gmail.com')] --> 
22.03.2022 06:11:30 sql=[SELECT *
                    FROM users
                    WHERE email like 'nguyenduc0996@gmail.com'
            ] 
22.03.2022 06:11:30 <!-- sql=[
                INSERT INTO `users` (`username `, `password`, `email`) 
                VALUES ('duc', '', 'nguyenduc0996@gmail.com')] --> 
22.03.2022 06:11:31 sql=[SELECT *
                    FROM users
                    WHERE email like ''
            ] 
22.03.2022 06:11:31 <!-- sql=[
                INSERT INTO `users` (`username `, `password`, `email`) 
                VALUES ('duc', '', '')] --> 
22.03.2022 06:11:32 sql=[SELECT *
                    FROM users
                    WHERE email like ''
            ] 
22.03.2022 06:11:32 <!-- sql=[
                INSERT INTO `users` (`username `, `password`, `email`) 
                VALUES ('duc', '', '')] --> 
22.03.2022 06:11:32 sql=[SELECT *
                    FROM users
                    WHERE email like ''
            ] 
22.03.2022 06:11:32 <!-- sql=[
                INSERT INTO `users` (`username `, `password`, `email`) 
                VALUES ('duc', '', '')] --> 
22.03.2022 06:11:33 sql=[SELECT *
                    FROM users
                    WHERE email like ''
            ] 
22.03.2022 06:11:33 <!-- sql=[
                INSERT INTO `users` (`username `, `password`, `email`) 
                VALUES ('duc', '', '')] --> 
22.03.2022 06:11:34 sql=[SELECT *
                    FROM users
                    WHERE email like ''
            ] 
22.03.2022 06:11:34 <!-- sql=[
                INSERT INTO `users` (`username `, `password`, `email`) 
                VALUES ('duc', '', '')] --> 
22.03.2022 06:11:35 sql=[SELECT *
                    FROM users
                    WHERE email like ''
            ] 
22.03.2022 06:11:35 <!-- sql=[
                INSERT INTO `users` (`username `, `password`, `email`) 
                VALUES ('duc', '', '')] --> 
22.03.2022 06:11:35 sql=[SELECT *
                    FROM users
                    WHERE email like ''
            ] 
22.03.2022 06:11:35 <!-- sql=[
                INSERT INTO `users` (`username `, `password`, `email`) 
                VALUES ('duc', '', '')] --> 
22.03.2022 06:11:46 sql=[SELECT *
                    FROM users
                    WHERE email like ''
            ] 
22.03.2022 06:11:46 <!-- sql=[
                INSERT INTO `users` (`username `, `password`, `email`) 
                VALUES ('duc', '', '')] --> 
22.03.2022 06:11:47 sql=[SELECT *
                    FROM users
                    WHERE email like ''
            ] 
22.03.2022 06:11:47 <!-- sql=[
                INSERT INTO `users` (`username `, `password`, `email`) 
                VALUES ('', '', '')] --> 
22.03.2022 06:11:48 sql=[SELECT *
                    FROM users
                    WHERE email like ''
            ] 
22.03.2022 06:11:48 <!-- sql=[
                INSERT INTO `users` (`username `, `password`, `email`) 
                VALUES ('duc', '', '')] --> 
22.03.2022 06:11:48 sql=[SELECT *
                    FROM users
                    WHERE email like ''
            ] 
22.03.2022 06:11:48 <!-- sql=[
                INSERT INTO `users` (`username `, `password`, `email`) 
                VALUES ('duc', '', '')] --> 
22.03.2022 06:11:49 sql=[SELECT *
                    FROM users
                    WHERE email like ''
            ] 
22.03.2022 06:11:49 <!-- sql=[
                INSERT INTO `users` (`username `, `password`, `email`) 
                VALUES ('duc', '', '')] --> 
22.03.2022 06:11:50 sql=[SELECT *
                    FROM users
                    WHERE email like ''
            ] 
22.03.2022 06:11:50 <!-- sql=[
                INSERT INTO `users` (`username `, `password`, `email`) 
                VALUES ('duc', '', '')] --> 
22.03.2022 06:11:50 sql=[SELECT *
                    FROM users
                    WHERE email like ''
            ] 
22.03.2022 06:11:50 <!-- sql=[
                INSERT INTO `users` (`username `, `password`, `email`) 
                VALUES ('duc', '', '')] --> 
22.03.2022 06:11:51 sql=[SELECT *
                    FROM users
                    WHERE email like ''
            ] 
22.03.2022 06:11:51 <!-- sql=[
                INSERT INTO `users` (`username `, `password`, `email`) 
                VALUES ('duc', '', '')] --> 
22.03.2022 06:12:19 sql=[SELECT *
                    FROM users
                    WHERE email like 'nguyenduc0996@gmail.com'
            ] 
22.03.2022 06:12:19 <!-- sql=[
                INSERT INTO `users` (`username `, `password`, `email`) 
                VALUES ('duc', '123', 'nguyenduc0996@gmail.com')] --> 
22.03.2022 06:12:41 sql=[SELECT *
                    FROM users
                    WHERE email like 'nguyenduc0996@gmail.com'
            ] 
22.03.2022 06:12:41 <!-- sql=[
                INSERT INTO `users` (`username `, `password`, `email`) 
                VALUES ('nguyenduc0996@gmail.com', '123', 'nguyenduc0996@gmail.com')] --> 
22.03.2022 06:13:41 sql=[SELECT *
                    FROM users
                    WHERE email like 'nhatro@gmail.com'
            ] 
22.03.2022 06:15:39 sql=[SELECT *
                    FROM users
                    WHERE email like 'nguyenduc0996@gmail.com'
            ] 
22.03.2022 06:15:39 <!-- sql=[
                INSERT INTO users (username, password, email) 
                VALUES ('nguyenduc0996@gmail.com', '123', 'nguyenduc0996@gmail.com')] --> 
22.03.2022 06:15:43 <!-- sql=[insert into login (email, password) values('nguyenduc0996@gmail.com', '123')] --> 
22.03.2022 08:51:37 <!-- sql=[truncate table login;] --> 
22.03.2022 08:59:52 sql=[SELECT *
                    FROM users
                    WHERE email like ''
            ] 
22.03.2022 08:59:52 <!-- sql=[
                INSERT INTO users (username, password, email) 
                VALUES ('', '', '')] --> 
22.03.2022 08:59:56 sql=[SELECT *
                    FROM users
                    WHERE email like ''
            ] 
22.03.2022 09:10:04 <!-- sql=[insert into login (email, password) values('nhatro@gmail.com', '123')] --> 
22.03.2022 09:10:04 sql=[SELECT * FROM theloai LIMIT 1 OFFSET  0] 
22.03.2022 09:10:04 sql=[SELECT * FROM theloai LIMIT 1 OFFSET  1] 
22.03.2022 09:10:04 sql=[SELECT * FROM theloai LIMIT 1 OFFSET  2] 
22.03.2022 09:10:04 sql=[SELECT * FROM theloai LIMIT 1 OFFSET  3] 
22.03.2022 09:10:04 sql=[SELECT * FROM theloai LIMIT 1 OFFSET  4] 
22.03.2022 09:10:59 sql=[SELECT * FROM theloai LIMIT 1 OFFSET  0] 
22.03.2022 09:10:59 sql=[SELECT * FROM theloai LIMIT 1 OFFSET  1] 
22.03.2022 09:10:59 sql=[SELECT * FROM theloai LIMIT 1 OFFSET  2] 
22.03.2022 09:10:59 sql=[SELECT * FROM theloai LIMIT 1 OFFSET  3] 
22.03.2022 09:10:59 sql=[SELECT * FROM theloai LIMIT 1 OFFSET  4] 
22.03.2022 09:11:30 sql=[SELECT * FROM theloai LIMIT 1 OFFSET  0] 
22.03.2022 09:11:30 sql=[SELECT * FROM theloai LIMIT 1 OFFSET  1] 
22.03.2022 09:11:30 sql=[SELECT * FROM theloai LIMIT 1 OFFSET  2] 
22.03.2022 09:11:30 sql=[SELECT * FROM theloai LIMIT 1 OFFSET  3] 
22.03.2022 09:11:30 sql=[SELECT * FROM theloai LIMIT 1 OFFSET  4] 
22.03.2022 09:12:28 sql=[SELECT * FROM theloai LIMIT 1 OFFSET  0] 
22.03.2022 09:12:28 sql=[SELECT * FROM theloai LIMIT 1 OFFSET  1] 
22.03.2022 09:12:28 sql=[SELECT * FROM theloai LIMIT 1 OFFSET  2] 
22.03.2022 09:12:28 sql=[SELECT * FROM theloai LIMIT 1 OFFSET  3] 
22.03.2022 09:12:28 sql=[SELECT * FROM theloai LIMIT 1 OFFSET  4] 
22.03.2022 09:19:40 sql=[SELECT * FROM theloai LIMIT 1 OFFSET  0] 
22.03.2022 09:19:40 sql=[SELECT * FROM theloai LIMIT 1 OFFSET  1] 
22.03.2022 09:19:40 sql=[SELECT * FROM theloai LIMIT 1 OFFSET  2] 
22.03.2022 09:19:40 sql=[SELECT * FROM theloai LIMIT 1 OFFSET  3] 
22.03.2022 09:19:40 sql=[SELECT * FROM theloai LIMIT 1 OFFSET  4] 
22.03.2022 09:20:01 sql=[SELECT * FROM theloai LIMIT 1 OFFSET  0] 
22.03.2022 09:20:01 sql=[SELECT * FROM theloai LIMIT 1 OFFSET  1] 
22.03.2022 09:20:01 sql=[SELECT * FROM theloai LIMIT 1 OFFSET  2] 
22.03.2022 09:20:01 sql=[SELECT * FROM theloai LIMIT 1 OFFSET  3] 
22.03.2022 09:20:01 sql=[SELECT * FROM theloai LIMIT 1 OFFSET  4] 
22.03.2022 09:23:23 sql=[SELECT * FROM theloai LIMIT 1 OFFSET  0] 
22.03.2022 09:23:23 sql=[SELECT * FROM theloai LIMIT 1 OFFSET  1] 
22.03.2022 09:23:23 sql=[SELECT * FROM theloai LIMIT 1 OFFSET  2] 
22.03.2022 09:23:23 sql=[SELECT * FROM theloai LIMIT 1 OFFSET  3] 
22.03.2022 09:23:23 sql=[SELECT * FROM theloai LIMIT 1 OFFSET  4] 
22.03.2022 09:23:23 sql=[SELECT * FROM chi_tiet LIMIT 1 OFFSET  0] 
22.03.2022 09:23:23 sql=[SELECT * FROM chi_tiet LIMIT 1 OFFSET  1] 
22.03.2022 09:23:23 sql=[SELECT * FROM chi_tiet LIMIT 1 OFFSET  2] 
22.03.2022 09:23:23 sql=[SELECT * FROM chi_tiet LIMIT 1 OFFSET  3] 
22.03.2022 09:25:11 sql=[SELECT * FROM theloai LIMIT 1 OFFSET  0] 
22.03.2022 09:25:11 sql=[SELECT * FROM theloai LIMIT 1 OFFSET  1] 
22.03.2022 09:25:11 sql=[SELECT * FROM theloai LIMIT 1 OFFSET  2] 
22.03.2022 09:25:11 sql=[SELECT * FROM theloai LIMIT 1 OFFSET  3] 
22.03.2022 09:25:11 sql=[SELECT * FROM theloai LIMIT 1 OFFSET  4] 
22.03.2022 09:25:11 sql=[SELECT * FROM chi_tiet LIMIT 1 OFFSET  0] 
22.03.2022 09:25:11 sql=[SELECT * FROM chi_tiet LIMIT 1 OFFSET  1] 
22.03.2022 09:25:11 sql=[SELECT * FROM chi_tiet LIMIT 1 OFFSET  2] 
22.03.2022 09:25:11 sql=[SELECT * FROM chi_tiet LIMIT 1 OFFSET  3] 
22.03.2022 09:26:23 sql=[SELECT * FROM theloai LIMIT 1 OFFSET  0] 
22.03.2022 09:26:23 sql=[SELECT * FROM theloai LIMIT 1 OFFSET  1] 
22.03.2022 09:26:23 sql=[SELECT * FROM theloai LIMIT 1 OFFSET  2] 
22.03.2022 09:26:23 sql=[SELECT * FROM theloai LIMIT 1 OFFSET  3] 
22.03.2022 09:26:23 sql=[SELECT * FROM theloai LIMIT 1 OFFSET  4] 
22.03.2022 09:26:23 sql=[SELECT * FROM chi_tiet LIMIT 1 OFFSET  0] 
22.03.2022 09:26:23 sql=[SELECT * FROM chi_tiet LIMIT 1 OFFSET  1] 
22.03.2022 09:26:23 sql=[SELECT * FROM chi_tiet LIMIT 1 OFFSET  2] 
22.03.2022 09:26:23 sql=[SELECT * FROM chi_tiet LIMIT 1 OFFSET  3] 
22.03.2022 09:30:55 sql=[SELECT * FROM theloai LIMIT 1 OFFSET  0] 
22.03.2022 09:30:55 sql=[SELECT * FROM theloai LIMIT 1 OFFSET  1] 
22.03.2022 09:30:55 sql=[SELECT * FROM theloai LIMIT 1 OFFSET  2] 
22.03.2022 09:30:55 sql=[SELECT * FROM theloai LIMIT 1 OFFSET  3] 
22.03.2022 09:30:55 sql=[SELECT * FROM theloai LIMIT 1 OFFSET  4] 
22.03.2022 09:30:55 sql=[SELECT * FROM chi_tiet LIMIT 1 OFFSET  0] 
22.03.2022 09:30:55 sql=[SELECT * FROM chi_tiet LIMIT 1 OFFSET  1] 
22.03.2022 09:30:55 sql=[SELECT * FROM chi_tiet LIMIT 1 OFFSET  2] 
22.03.2022 09:30:55 sql=[SELECT * FROM chi_tiet LIMIT 1 OFFSET  3] 
22.03.2022 09:30:55 sql=[SELECT * FROM chi_tiet LIMIT 1 OFFSET  4] 
22.03.2022 09:30:55 sql=[SELECT * FROM chi_tiet LIMIT 1 OFFSET  5] 
22.03.2022 09:30:55 sql=[SELECT * FROM chi_tiet LIMIT 1 OFFSET  6] 
22.03.2022 09:30:55 sql=[SELECT * FROM chi_tiet LIMIT 1 OFFSET  7] 
22.03.2022 09:30:55 sql=[SELECT * FROM chi_tiet LIMIT 1 OFFSET  8] 
22.03.2022 09:30:55 sql=[SELECT * FROM chi_tiet LIMIT 1 OFFSET  9] 
22.03.2022 09:30:55 sql=[SELECT * FROM chi_tiet LIMIT 1 OFFSET  10] 
22.03.2022 09:30:55 sql=[SELECT * FROM chi_tiet LIMIT 1 OFFSET  11] 
22.03.2022 09:41:03 sql=[SELECT * FROM `grab_content` WHERE id=1] 
22.03.2022 09:41:03 Khong the select duoc,ERROR=[Table 'btl.grab_content' doesn't exist] 
22.03.2022 09:41:03 COUNT=[0] 
<<<<<<< HEAD
22.03.2022 11:12:34 sql=[SELECT * FROM theloai LIMIT 1 OFFSET  0] 
22.03.2022 11:12:34 sql=[SELECT * FROM theloai LIMIT 1 OFFSET  1] 
22.03.2022 11:12:34 sql=[SELECT * FROM theloai LIMIT 1 OFFSET  2] 
22.03.2022 11:12:34 sql=[SELECT * FROM theloai LIMIT 1 OFFSET  3] 
22.03.2022 11:12:34 sql=[SELECT * FROM theloai LIMIT 1 OFFSET  4] 
22.03.2022 11:12:34 sql=[SELECT * FROM chi_tiet LIMIT 1 OFFSET  0] 
22.03.2022 11:12:34 sql=[SELECT * FROM chi_tiet LIMIT 1 OFFSET  1] 
22.03.2022 11:12:34 sql=[SELECT * FROM chi_tiet LIMIT 1 OFFSET  2] 
22.03.2022 11:12:34 sql=[SELECT * FROM chi_tiet LIMIT 1 OFFSET  3] 
22.03.2022 11:12:34 sql=[SELECT * FROM chi_tiet LIMIT 1 OFFSET  4] 
22.03.2022 11:12:34 sql=[SELECT * FROM chi_tiet LIMIT 1 OFFSET  5] 
22.03.2022 11:12:34 sql=[SELECT * FROM chi_tiet LIMIT 1 OFFSET  6] 
22.03.2022 11:12:34 sql=[SELECT * FROM chi_tiet LIMIT 1 OFFSET  7] 
22.03.2022 11:12:34 sql=[SELECT * FROM chi_tiet LIMIT 1 OFFSET  8] 
22.03.2022 11:12:34 sql=[SELECT * FROM chi_tiet LIMIT 1 OFFSET  9] 
22.03.2022 11:12:34 sql=[SELECT * FROM chi_tiet LIMIT 1 OFFSET  10] 
22.03.2022 11:12:34 sql=[SELECT * FROM chi_tiet LIMIT 1 OFFSET  11] 
22.03.2022 11:12:37 <!-- sql=[truncate table login;] --> 
22.03.2022 11:12:41 <!-- sql=[insert into login (email, password) values('nhatro@gmail.com', '123')] --> 
22.03.2022 11:12:41 sql=[SELECT * FROM theloai LIMIT 1 OFFSET  0] 
22.03.2022 11:12:41 sql=[SELECT * FROM theloai LIMIT 1 OFFSET  1] 
22.03.2022 11:12:41 sql=[SELECT * FROM theloai LIMIT 1 OFFSET  2] 
22.03.2022 11:12:41 sql=[SELECT * FROM theloai LIMIT 1 OFFSET  3] 
22.03.2022 11:12:41 sql=[SELECT * FROM theloai LIMIT 1 OFFSET  4] 
22.03.2022 11:12:41 sql=[SELECT * FROM chi_tiet LIMIT 1 OFFSET  0] 
22.03.2022 11:12:41 sql=[SELECT * FROM chi_tiet LIMIT 1 OFFSET  1] 
22.03.2022 11:12:41 sql=[SELECT * FROM chi_tiet LIMIT 1 OFFSET  2] 
22.03.2022 11:12:41 sql=[SELECT * FROM chi_tiet LIMIT 1 OFFSET  3] 
22.03.2022 11:12:41 sql=[SELECT * FROM chi_tiet LIMIT 1 OFFSET  4] 
22.03.2022 11:12:41 sql=[SELECT * FROM chi_tiet LIMIT 1 OFFSET  5] 
22.03.2022 11:12:41 sql=[SELECT * FROM chi_tiet LIMIT 1 OFFSET  6] 
22.03.2022 11:12:41 sql=[SELECT * FROM chi_tiet LIMIT 1 OFFSET  7] 
22.03.2022 11:12:41 sql=[SELECT * FROM chi_tiet LIMIT 1 OFFSET  8] 
22.03.2022 11:12:41 sql=[SELECT * FROM chi_tiet LIMIT 1 OFFSET  9] 
22.03.2022 11:12:41 sql=[SELECT * FROM chi_tiet LIMIT 1 OFFSET  10] 
22.03.2022 11:12:41 sql=[SELECT * FROM chi_tiet LIMIT 1 OFFSET  11] 
22.03.2022 11:12:50 sql=[SELECT * FROM chi_tiet WHERE id_chitiet=1] 
=======
22.03.2022 11:20:57 <!-- sql=[insert into login (email, password) values('admin1234@gmail.com', '12345678')] --> 
22.03.2022 11:22:03 <!-- sql=[insert into login (email, password) values('admin1234@gmail.com', '12345678')] --> 
22.03.2022 11:25:54 sql=[SELECT * FROM chi_tiet WHERE id_chitiet=0] 
22.03.2022 11:27:32 <!-- sql=[truncate table login;] --> 
>>>>>>> 7d94d3e49e33c3495956754596a2d11704a08e58
22.03.2022 03:12:34 sql=[SELECT * FROM theloai LIMIT 1 OFFSET  0] 
22.03.2022 03:12:34 sql=[SELECT * FROM theloai LIMIT 1 OFFSET  1] 
22.03.2022 03:12:34 sql=[SELECT * FROM theloai LIMIT 1 OFFSET  2] 
22.03.2022 03:12:34 sql=[SELECT * FROM theloai LIMIT 1 OFFSET  3] 
22.03.2022 03:12:34 sql=[SELECT * FROM theloai LIMIT 1 OFFSET  4] 
22.03.2022 03:12:34 sql=[SELECT * FROM chi_tiet LIMIT 1 OFFSET  0] 
22.03.2022 03:12:34 sql=[SELECT * FROM chi_tiet LIMIT 1 OFFSET  1] 
22.03.2022 03:12:34 sql=[SELECT * FROM chi_tiet LIMIT 1 OFFSET  2] 
22.03.2022 03:12:34 sql=[SELECT * FROM chi_tiet LIMIT 1 OFFSET  3] 
22.03.2022 03:12:34 sql=[SELECT * FROM chi_tiet LIMIT 1 OFFSET  4] 
22.03.2022 03:12:34 sql=[SELECT * FROM chi_tiet LIMIT 1 OFFSET  5] 
22.03.2022 03:12:34 sql=[SELECT * FROM chi_tiet LIMIT 1 OFFSET  6] 
22.03.2022 03:12:34 sql=[SELECT * FROM chi_tiet LIMIT 1 OFFSET  7] 
22.03.2022 03:12:34 sql=[SELECT * FROM chi_tiet LIMIT 1 OFFSET  8] 
22.03.2022 03:12:34 sql=[SELECT * FROM chi_tiet LIMIT 1 OFFSET  9] 
22.03.2022 03:12:34 sql=[SELECT * FROM chi_tiet LIMIT 1 OFFSET  10] 
22.03.2022 03:12:34 sql=[SELECT * FROM chi_tiet LIMIT 1 OFFSET  11] 
22.03.2022 03:13:08 sql=[SELECT * FROM theloai LIMIT 1 OFFSET  0] 
22.03.2022 03:13:08 sql=[SELECT * FROM theloai LIMIT 1 OFFSET  1] 
22.03.2022 03:13:08 sql=[SELECT * FROM theloai LIMIT 1 OFFSET  2] 
22.03.2022 03:13:08 sql=[SELECT * FROM theloai LIMIT 1 OFFSET  3] 
22.03.2022 03:13:08 sql=[SELECT * FROM theloai LIMIT 1 OFFSET  4] 
22.03.2022 03:13:08 sql=[SELECT * FROM chi_tiet LIMIT 1 OFFSET  0] 
22.03.2022 03:13:08 sql=[SELECT * FROM chi_tiet LIMIT 1 OFFSET  1] 
22.03.2022 03:13:08 sql=[SELECT * FROM chi_tiet LIMIT 1 OFFSET  2] 
22.03.2022 03:13:08 sql=[SELECT * FROM chi_tiet LIMIT 1 OFFSET  3] 
22.03.2022 03:13:08 sql=[SELECT * FROM chi_tiet LIMIT 1 OFFSET  4] 
22.03.2022 03:13:08 sql=[SELECT * FROM chi_tiet LIMIT 1 OFFSET  5] 
22.03.2022 03:13:08 sql=[SELECT * FROM chi_tiet LIMIT 1 OFFSET  6] 
22.03.2022 03:13:08 sql=[SELECT * FROM chi_tiet LIMIT 1 OFFSET  7] 
22.03.2022 03:13:08 sql=[SELECT * FROM chi_tiet LIMIT 1 OFFSET  8] 
22.03.2022 03:13:08 sql=[SELECT * FROM chi_tiet LIMIT 1 OFFSET  9] 
22.03.2022 03:13:08 sql=[SELECT * FROM chi_tiet LIMIT 1 OFFSET  10] 
22.03.2022 03:13:08 sql=[SELECT * FROM chi_tiet LIMIT 1 OFFSET  11] 
22.03.2022 03:14:10 <!-- sql=[insert into login (email, password) values('nhatro@gmail.com', '123')] --> 
22.03.2022 03:14:10 sql=[SELECT * FROM theloai LIMIT 1 OFFSET  0] 
22.03.2022 03:14:10 sql=[SELECT * FROM theloai LIMIT 1 OFFSET  1] 
22.03.2022 03:14:10 sql=[SELECT * FROM theloai LIMIT 1 OFFSET  2] 
22.03.2022 03:14:10 sql=[SELECT * FROM theloai LIMIT 1 OFFSET  3] 
22.03.2022 03:14:10 sql=[SELECT * FROM theloai LIMIT 1 OFFSET  4] 
22.03.2022 03:14:10 sql=[SELECT * FROM chi_tiet LIMIT 1 OFFSET  0] 
22.03.2022 03:14:10 sql=[SELECT * FROM chi_tiet LIMIT 1 OFFSET  1] 
22.03.2022 03:14:10 sql=[SELECT * FROM chi_tiet LIMIT 1 OFFSET  2] 
22.03.2022 03:14:10 sql=[SELECT * FROM chi_tiet LIMIT 1 OFFSET  3] 
22.03.2022 03:14:10 sql=[SELECT * FROM chi_tiet LIMIT 1 OFFSET  4] 
22.03.2022 03:14:10 sql=[SELECT * FROM chi_tiet LIMIT 1 OFFSET  5] 
22.03.2022 03:14:10 sql=[SELECT * FROM chi_tiet LIMIT 1 OFFSET  6] 
22.03.2022 03:14:10 sql=[SELECT * FROM chi_tiet LIMIT 1 OFFSET  7] 
22.03.2022 03:14:10 sql=[SELECT * FROM chi_tiet LIMIT 1 OFFSET  8] 
22.03.2022 03:14:10 sql=[SELECT * FROM chi_tiet LIMIT 1 OFFSET  9] 
22.03.2022 03:14:10 sql=[SELECT * FROM chi_tiet LIMIT 1 OFFSET  10] 
22.03.2022 03:14:10 sql=[SELECT * FROM chi_tiet LIMIT 1 OFFSET  11] 
22.03.2022 03:15:21 sql=[SELECT * FROM theloai LIMIT 1 OFFSET  0] 
22.03.2022 03:15:21 sql=[SELECT * FROM theloai LIMIT 1 OFFSET  1] 
22.03.2022 03:15:21 sql=[SELECT * FROM theloai LIMIT 1 OFFSET  2] 
22.03.2022 03:15:21 sql=[SELECT * FROM theloai LIMIT 1 OFFSET  3] 
22.03.2022 03:15:21 sql=[SELECT * FROM theloai LIMIT 1 OFFSET  4] 
22.03.2022 03:15:21 sql=[SELECT * FROM chi_tiet LIMIT 1 OFFSET  0] 
22.03.2022 03:15:21 sql=[SELECT * FROM chi_tiet LIMIT 1 OFFSET  1] 
22.03.2022 03:15:21 sql=[SELECT * FROM chi_tiet LIMIT 1 OFFSET  2] 
22.03.2022 03:15:21 sql=[SELECT * FROM chi_tiet LIMIT 1 OFFSET  3] 
22.03.2022 03:15:21 sql=[SELECT * FROM chi_tiet LIMIT 1 OFFSET  4] 
22.03.2022 03:15:21 sql=[SELECT * FROM chi_tiet LIMIT 1 OFFSET  5] 
22.03.2022 03:15:21 sql=[SELECT * FROM chi_tiet LIMIT 1 OFFSET  6] 
22.03.2022 03:15:21 sql=[SELECT * FROM chi_tiet LIMIT 1 OFFSET  7] 
22.03.2022 03:15:21 sql=[SELECT * FROM chi_tiet LIMIT 1 OFFSET  8] 
22.03.2022 03:15:21 sql=[SELECT * FROM chi_tiet LIMIT 1 OFFSET  9] 
22.03.2022 03:15:21 sql=[SELECT * FROM chi_tiet LIMIT 1 OFFSET  10] 
22.03.2022 03:15:21 sql=[SELECT * FROM chi_tiet LIMIT 1 OFFSET  11] 
22.03.2022 03:15:23 <!-- sql=[truncate table login;] --> 
22.03.2022 03:15:42 <!-- sql=[insert into login (email, password) values('nhatro@gmail.com', '123')] --> 
22.03.2022 03:15:42 sql=[SELECT * FROM theloai LIMIT 1 OFFSET  0] 
22.03.2022 03:15:42 sql=[SELECT * FROM theloai LIMIT 1 OFFSET  1] 
22.03.2022 03:15:42 sql=[SELECT * FROM theloai LIMIT 1 OFFSET  2] 
22.03.2022 03:15:42 sql=[SELECT * FROM theloai LIMIT 1 OFFSET  3] 
22.03.2022 03:15:42 sql=[SELECT * FROM theloai LIMIT 1 OFFSET  4] 
22.03.2022 03:15:42 sql=[SELECT * FROM chi_tiet LIMIT 1 OFFSET  0] 
22.03.2022 03:15:42 sql=[SELECT * FROM chi_tiet LIMIT 1 OFFSET  1] 
22.03.2022 03:15:42 sql=[SELECT * FROM chi_tiet LIMIT 1 OFFSET  2] 
22.03.2022 03:15:42 sql=[SELECT * FROM chi_tiet LIMIT 1 OFFSET  3] 
22.03.2022 03:15:42 sql=[SELECT * FROM chi_tiet LIMIT 1 OFFSET  4] 
22.03.2022 03:15:42 sql=[SELECT * FROM chi_tiet LIMIT 1 OFFSET  5] 
22.03.2022 03:15:42 sql=[SELECT * FROM chi_tiet LIMIT 1 OFFSET  6] 
22.03.2022 03:15:42 sql=[SELECT * FROM chi_tiet LIMIT 1 OFFSET  7] 
22.03.2022 03:15:42 sql=[SELECT * FROM chi_tiet LIMIT 1 OFFSET  8] 
22.03.2022 03:15:42 sql=[SELECT * FROM chi_tiet LIMIT 1 OFFSET  9] 
22.03.2022 03:15:42 sql=[SELECT * FROM chi_tiet LIMIT 1 OFFSET  10] 
22.03.2022 03:15:42 sql=[SELECT * FROM chi_tiet LIMIT 1 OFFSET  11] 
22.03.2022 03:16:25 sql=[SELECT * FROM theloai LIMIT 1 OFFSET  0] 
22.03.2022 03:16:25 sql=[SELECT * FROM theloai LIMIT 1 OFFSET  1] 
22.03.2022 03:16:25 sql=[SELECT * FROM theloai LIMIT 1 OFFSET  2] 
22.03.2022 03:16:25 sql=[SELECT * FROM theloai LIMIT 1 OFFSET  3] 
22.03.2022 03:16:25 sql=[SELECT * FROM theloai LIMIT 1 OFFSET  4] 
22.03.2022 03:16:25 sql=[SELECT * FROM chi_tiet LIMIT 1 OFFSET  0] 
22.03.2022 03:16:25 sql=[SELECT * FROM chi_tiet LIMIT 1 OFFSET  1] 
22.03.2022 03:16:25 sql=[SELECT * FROM chi_tiet LIMIT 1 OFFSET  2] 
22.03.2022 03:16:25 sql=[SELECT * FROM chi_tiet LIMIT 1 OFFSET  3] 
22.03.2022 03:16:25 sql=[SELECT * FROM chi_tiet LIMIT 1 OFFSET  4] 
22.03.2022 03:16:25 sql=[SELECT * FROM chi_tiet LIMIT 1 OFFSET  5] 
22.03.2022 03:16:25 sql=[SELECT * FROM chi_tiet LIMIT 1 OFFSET  6] 
22.03.2022 03:16:25 sql=[SELECT * FROM chi_tiet LIMIT 1 OFFSET  7] 
22.03.2022 03:16:25 sql=[SELECT * FROM chi_tiet LIMIT 1 OFFSET  8] 
22.03.2022 03:16:25 sql=[SELECT * FROM chi_tiet LIMIT 1 OFFSET  9] 
22.03.2022 03:16:25 sql=[SELECT * FROM chi_tiet LIMIT 1 OFFSET  10] 
22.03.2022 03:16:25 sql=[SELECT * FROM chi_tiet LIMIT 1 OFFSET  11] 
22.03.2022 03:16:42 sql=[SELECT * FROM chi_tiet WHERE id_chitiet=1] 
22.03.2022 03:23:36 sql=[SELECT * FROM chi_tiet WHERE id_chitiet=1] 
<<<<<<< HEAD
22.03.2022 04:18:20 sql=[SELECT * FROM chi_tiet WHERE id_chitiet=1] 
22.03.2022 04:18:20 sql=[SELECT * FROM theloai LIMIT 1 OFFSET  0] 
22.03.2022 04:18:20 sql=[SELECT * FROM theloai LIMIT 1 OFFSET  1] 
22.03.2022 04:18:20 sql=[SELECT * FROM theloai LIMIT 1 OFFSET  2] 
22.03.2022 04:18:20 sql=[SELECT * FROM theloai LIMIT 1 OFFSET  3] 
22.03.2022 04:18:20 sql=[SELECT * FROM theloai LIMIT 1 OFFSET  4] 
22.03.2022 04:18:31 sql=[SELECT * FROM theloai LIMIT 1 OFFSET  0] 
22.03.2022 04:18:31 sql=[SELECT * FROM theloai LIMIT 1 OFFSET  1] 
22.03.2022 04:18:31 sql=[SELECT * FROM theloai LIMIT 1 OFFSET  2] 
22.03.2022 04:18:31 sql=[SELECT * FROM theloai LIMIT 1 OFFSET  3] 
22.03.2022 04:18:31 sql=[SELECT * FROM theloai LIMIT 1 OFFSET  4] 
22.03.2022 04:18:31 sql=[SELECT * FROM chi_tiet LIMIT 1 OFFSET  0] 
22.03.2022 04:18:31 sql=[SELECT * FROM chi_tiet LIMIT 1 OFFSET  1] 
22.03.2022 04:18:31 sql=[SELECT * FROM chi_tiet LIMIT 1 OFFSET  2] 
22.03.2022 04:18:31 sql=[SELECT * FROM chi_tiet LIMIT 1 OFFSET  3] 
22.03.2022 04:18:31 sql=[SELECT * FROM chi_tiet LIMIT 1 OFFSET  4] 
22.03.2022 04:18:31 sql=[SELECT * FROM chi_tiet LIMIT 1 OFFSET  5] 
22.03.2022 04:18:31 sql=[SELECT * FROM chi_tiet LIMIT 1 OFFSET  6] 
22.03.2022 04:18:31 sql=[SELECT * FROM chi_tiet LIMIT 1 OFFSET  7] 
22.03.2022 04:18:31 sql=[SELECT * FROM chi_tiet LIMIT 1 OFFSET  8] 
22.03.2022 04:18:31 sql=[SELECT * FROM chi_tiet LIMIT 1 OFFSET  9] 
22.03.2022 04:18:31 sql=[SELECT * FROM chi_tiet LIMIT 1 OFFSET  10] 
22.03.2022 04:18:31 sql=[SELECT * FROM chi_tiet LIMIT 1 OFFSET  11] 
22.03.2022 04:18:32 sql=[SELECT * FROM theloai LIMIT 1 OFFSET  0] 
22.03.2022 04:18:32 sql=[SELECT * FROM theloai LIMIT 1 OFFSET  1] 
22.03.2022 04:18:32 sql=[SELECT * FROM theloai LIMIT 1 OFFSET  2] 
22.03.2022 04:18:32 sql=[SELECT * FROM theloai LIMIT 1 OFFSET  3] 
22.03.2022 04:18:32 sql=[SELECT * FROM theloai LIMIT 1 OFFSET  4] 
22.03.2022 04:18:32 sql=[SELECT * FROM chi_tiet where cid = 1 LIMIT 1 OFFSET  0] 
22.03.2022 04:18:32 sql=[SELECT * FROM chi_tiet where cid = 1 LIMIT 1 OFFSET  1] 
22.03.2022 04:18:32 sql=[SELECT * FROM chi_tiet where cid = 1 LIMIT 1 OFFSET  2] 
22.03.2022 04:18:32 sql=[SELECT * FROM chi_tiet where cid = 1 LIMIT 1 OFFSET  3] 
22.03.2022 04:18:32 sql=[SELECT * FROM chi_tiet where cid = 1 LIMIT 1 OFFSET  4] 
22.03.2022 04:18:32 sql=[SELECT * FROM chi_tiet where cid = 1 LIMIT 1 OFFSET  5] 
22.03.2022 04:18:32 sql=[SELECT * FROM chi_tiet where cid = 1 LIMIT 1 OFFSET  6] 
22.03.2022 04:18:32 sql=[SELECT * FROM chi_tiet where cid = 1 LIMIT 1 OFFSET  7] 
22.03.2022 04:18:32 sql=[SELECT * FROM chi_tiet where cid = 1 LIMIT 1 OFFSET  8] 
22.03.2022 04:18:32 sql=[SELECT * FROM chi_tiet where cid = 1 LIMIT 1 OFFSET  9] 
22.03.2022 04:25:27 sql=[SELECT * FROM theloai LIMIT 1 OFFSET  0] 
22.03.2022 04:25:28 sql=[SELECT * FROM theloai LIMIT 1 OFFSET  1] 
22.03.2022 04:25:28 sql=[SELECT * FROM theloai LIMIT 1 OFFSET  2] 
22.03.2022 04:25:28 sql=[SELECT * FROM theloai LIMIT 1 OFFSET  3] 
22.03.2022 04:25:28 sql=[SELECT * FROM theloai LIMIT 1 OFFSET  4] 
22.03.2022 04:25:28 sql=[SELECT * FROM theloai where id_theloai = 1] 
22.03.2022 04:25:28 sql=[SELECT * FROM chi_tiet where cid = 1 LIMIT 1 OFFSET  0] 
22.03.2022 04:25:28 sql=[SELECT * FROM chi_tiet where cid = 1 LIMIT 1 OFFSET  1] 
22.03.2022 04:25:28 sql=[SELECT * FROM chi_tiet where cid = 1 LIMIT 1 OFFSET  2] 
22.03.2022 04:25:28 sql=[SELECT * FROM chi_tiet where cid = 1 LIMIT 1 OFFSET  3] 
22.03.2022 04:25:28 sql=[SELECT * FROM chi_tiet where cid = 1 LIMIT 1 OFFSET  4] 
22.03.2022 04:25:28 sql=[SELECT * FROM chi_tiet where cid = 1 LIMIT 1 OFFSET  5] 
22.03.2022 04:25:28 sql=[SELECT * FROM chi_tiet where cid = 1 LIMIT 1 OFFSET  6] 
22.03.2022 04:25:28 sql=[SELECT * FROM chi_tiet where cid = 1 LIMIT 1 OFFSET  7] 
22.03.2022 04:25:28 sql=[SELECT * FROM chi_tiet where cid = 1 LIMIT 1 OFFSET  8] 
22.03.2022 04:25:28 sql=[SELECT * FROM chi_tiet where cid = 1 LIMIT 1 OFFSET  9] 
22.03.2022 04:26:49 sql=[SELECT * FROM theloai LIMIT 1 OFFSET  0] 
22.03.2022 04:26:50 sql=[SELECT * FROM theloai LIMIT 1 OFFSET  1] 
22.03.2022 04:26:50 sql=[SELECT * FROM theloai LIMIT 1 OFFSET  2] 
22.03.2022 04:26:50 sql=[SELECT * FROM theloai LIMIT 1 OFFSET  3] 
22.03.2022 04:26:50 sql=[SELECT * FROM theloai LIMIT 1 OFFSET  4] 
22.03.2022 04:26:50 sql=[SELECT * FROM theloai where id_theloai = 1] 
22.03.2022 04:26:50 sql=[SELECT * FROM chi_tiet where cid = 1 LIMIT 1 OFFSET  0] 
22.03.2022 04:26:50 sql=[SELECT * FROM chi_tiet where cid = 1 LIMIT 1 OFFSET  1] 
22.03.2022 04:26:50 sql=[SELECT * FROM chi_tiet where cid = 1 LIMIT 1 OFFSET  2] 
22.03.2022 04:26:50 sql=[SELECT * FROM chi_tiet where cid = 1 LIMIT 1 OFFSET  3] 
22.03.2022 04:26:50 sql=[SELECT * FROM chi_tiet where cid = 1 LIMIT 1 OFFSET  4] 
22.03.2022 04:26:50 sql=[SELECT * FROM chi_tiet where cid = 1 LIMIT 1 OFFSET  5] 
22.03.2022 04:26:50 sql=[SELECT * FROM chi_tiet where cid = 1 LIMIT 1 OFFSET  6] 
22.03.2022 04:26:50 sql=[SELECT * FROM chi_tiet where cid = 1 LIMIT 1 OFFSET  7] 
22.03.2022 04:26:50 sql=[SELECT * FROM chi_tiet where cid = 1 LIMIT 1 OFFSET  8] 
22.03.2022 04:26:50 sql=[SELECT * FROM chi_tiet where cid = 1 LIMIT 1 OFFSET  9] 
22.03.2022 05:07:03 sql=[SELECT * FROM theloai LIMIT 1 OFFSET  0] 
22.03.2022 05:07:03 sql=[SELECT * FROM theloai LIMIT 1 OFFSET  1] 
22.03.2022 05:07:03 sql=[SELECT * FROM theloai LIMIT 1 OFFSET  2] 
22.03.2022 05:07:03 sql=[SELECT * FROM theloai LIMIT 1 OFFSET  3] 
22.03.2022 05:07:03 sql=[SELECT * FROM theloai LIMIT 1 OFFSET  4] 
22.03.2022 05:07:03 sql=[SELECT * FROM theloai where id_theloai = 1] 
22.03.2022 05:07:03 sql=[SELECT * FROM chi_tiet where cid = 1 LIMIT 1 OFFSET  0] 
22.03.2022 05:07:03 sql=[SELECT * FROM chi_tiet where cid = 1 LIMIT 1 OFFSET  1] 
22.03.2022 05:07:03 sql=[SELECT * FROM chi_tiet where cid = 1 LIMIT 1 OFFSET  2] 
22.03.2022 05:07:03 sql=[SELECT * FROM chi_tiet where cid = 1 LIMIT 1 OFFSET  3] 
22.03.2022 05:07:03 sql=[SELECT * FROM chi_tiet where cid = 1 LIMIT 1 OFFSET  4] 
22.03.2022 05:07:03 sql=[SELECT * FROM chi_tiet where cid = 1 LIMIT 1 OFFSET  5] 
22.03.2022 05:07:03 sql=[SELECT * FROM chi_tiet where cid = 1 LIMIT 1 OFFSET  6] 
22.03.2022 05:07:03 sql=[SELECT * FROM chi_tiet where cid = 1 LIMIT 1 OFFSET  7] 
22.03.2022 05:07:03 sql=[SELECT * FROM chi_tiet where cid = 1 LIMIT 1 OFFSET  8] 
22.03.2022 05:07:03 sql=[SELECT * FROM chi_tiet where cid = 1 LIMIT 1 OFFSET  9] 
22.03.2022 05:07:07 sql=[SELECT * FROM theloai LIMIT 1 OFFSET  0] 
22.03.2022 05:07:07 sql=[SELECT * FROM theloai LIMIT 1 OFFSET  1] 
22.03.2022 05:07:07 sql=[SELECT * FROM theloai LIMIT 1 OFFSET  2] 
22.03.2022 05:07:07 sql=[SELECT * FROM theloai LIMIT 1 OFFSET  3] 
22.03.2022 05:07:07 sql=[SELECT * FROM theloai LIMIT 1 OFFSET  4] 
22.03.2022 05:07:07 sql=[SELECT * FROM theloai where id_theloai = 1] 
22.03.2022 05:07:07 sql=[SELECT * FROM chi_tiet where cid = 1 LIMIT 1 OFFSET  0] 
22.03.2022 05:07:07 sql=[SELECT * FROM chi_tiet where cid = 1 LIMIT 1 OFFSET  1] 
22.03.2022 05:07:07 sql=[SELECT * FROM chi_tiet where cid = 1 LIMIT 1 OFFSET  2] 
22.03.2022 05:07:07 sql=[SELECT * FROM chi_tiet where cid = 1 LIMIT 1 OFFSET  3] 
22.03.2022 05:07:07 sql=[SELECT * FROM chi_tiet where cid = 1 LIMIT 1 OFFSET  4] 
22.03.2022 05:07:07 sql=[SELECT * FROM chi_tiet where cid = 1 LIMIT 1 OFFSET  5] 
22.03.2022 05:07:07 sql=[SELECT * FROM chi_tiet where cid = 1 LIMIT 1 OFFSET  6] 
22.03.2022 05:07:07 sql=[SELECT * FROM chi_tiet where cid = 1 LIMIT 1 OFFSET  7] 
22.03.2022 05:07:07 sql=[SELECT * FROM chi_tiet where cid = 1 LIMIT 1 OFFSET  8] 
22.03.2022 05:07:07 sql=[SELECT * FROM chi_tiet where cid = 1 LIMIT 1 OFFSET  9] 
22.03.2022 05:07:13 sql=[SELECT * FROM theloai LIMIT 1 OFFSET  0] 
22.03.2022 05:07:13 sql=[SELECT * FROM theloai LIMIT 1 OFFSET  1] 
22.03.2022 05:07:13 sql=[SELECT * FROM theloai LIMIT 1 OFFSET  2] 
22.03.2022 05:07:13 sql=[SELECT * FROM theloai LIMIT 1 OFFSET  3] 
22.03.2022 05:07:13 sql=[SELECT * FROM theloai LIMIT 1 OFFSET  4] 
22.03.2022 05:07:13 sql=[SELECT * FROM theloai where id_theloai = 2] 
22.03.2022 05:07:13 sql=[SELECT * FROM chi_tiet where cid = 2 LIMIT 1 OFFSET  0] 
22.03.2022 05:07:13 sql=[SELECT * FROM chi_tiet where cid = 2 LIMIT 1 OFFSET  1] 
22.03.2022 05:07:13 sql=[SELECT * FROM chi_tiet where cid = 2 LIMIT 1 OFFSET  2] 
22.03.2022 05:07:13 sql=[SELECT * FROM chi_tiet where cid = 2 LIMIT 1 OFFSET  3] 
22.03.2022 05:07:13 sql=[SELECT * FROM chi_tiet where cid = 2 LIMIT 1 OFFSET  4] 
22.03.2022 05:07:13 sql=[SELECT * FROM chi_tiet where cid = 2 LIMIT 1 OFFSET  5] 
22.03.2022 05:07:13 sql=[SELECT * FROM chi_tiet where cid = 2 LIMIT 1 OFFSET  6] 
22.03.2022 05:07:13 sql=[SELECT * FROM chi_tiet where cid = 2 LIMIT 1 OFFSET  7] 
22.03.2022 05:07:13 sql=[SELECT * FROM chi_tiet where cid = 2 LIMIT 1 OFFSET  8] 
22.03.2022 05:07:13 sql=[SELECT * FROM chi_tiet where cid = 2 LIMIT 1 OFFSET  9] 
22.03.2022 05:07:19 sql=[SELECT * FROM theloai LIMIT 1 OFFSET  0] 
22.03.2022 05:07:19 sql=[SELECT * FROM theloai LIMIT 1 OFFSET  1] 
22.03.2022 05:07:19 sql=[SELECT * FROM theloai LIMIT 1 OFFSET  2] 
22.03.2022 05:07:19 sql=[SELECT * FROM theloai LIMIT 1 OFFSET  3] 
22.03.2022 05:07:19 sql=[SELECT * FROM theloai LIMIT 1 OFFSET  4] 
22.03.2022 05:07:19 sql=[SELECT * FROM theloai where id_theloai = 3] 
22.03.2022 05:07:19 sql=[SELECT * FROM chi_tiet where cid = 3 LIMIT 1 OFFSET  0] 
22.03.2022 05:07:19 sql=[SELECT * FROM chi_tiet where cid = 3 LIMIT 1 OFFSET  1] 
22.03.2022 05:07:19 sql=[SELECT * FROM chi_tiet where cid = 3 LIMIT 1 OFFSET  2] 
22.03.2022 05:07:19 sql=[SELECT * FROM chi_tiet where cid = 3 LIMIT 1 OFFSET  3] 
22.03.2022 05:07:19 sql=[SELECT * FROM chi_tiet where cid = 3 LIMIT 1 OFFSET  4] 
22.03.2022 05:07:19 sql=[SELECT * FROM chi_tiet where cid = 3 LIMIT 1 OFFSET  5] 
22.03.2022 05:07:19 sql=[SELECT * FROM chi_tiet where cid = 3 LIMIT 1 OFFSET  6] 
22.03.2022 05:07:19 sql=[SELECT * FROM chi_tiet where cid = 3 LIMIT 1 OFFSET  7] 
22.03.2022 05:07:19 sql=[SELECT * FROM chi_tiet where cid = 3 LIMIT 1 OFFSET  8] 
22.03.2022 05:07:19 sql=[SELECT * FROM chi_tiet where cid = 3 LIMIT 1 OFFSET  9] 
22.03.2022 05:07:21 sql=[SELECT * FROM theloai LIMIT 1 OFFSET  0] 
22.03.2022 05:07:21 sql=[SELECT * FROM theloai LIMIT 1 OFFSET  1] 
22.03.2022 05:07:21 sql=[SELECT * FROM theloai LIMIT 1 OFFSET  2] 
22.03.2022 05:07:21 sql=[SELECT * FROM theloai LIMIT 1 OFFSET  3] 
22.03.2022 05:07:21 sql=[SELECT * FROM theloai LIMIT 1 OFFSET  4] 
22.03.2022 05:07:21 sql=[SELECT * FROM theloai where id_theloai = 4] 
22.03.2022 05:07:21 sql=[SELECT * FROM chi_tiet where cid = 4 LIMIT 1 OFFSET  0] 
22.03.2022 05:07:21 sql=[SELECT * FROM chi_tiet where cid = 4 LIMIT 1 OFFSET  1] 
22.03.2022 05:07:21 sql=[SELECT * FROM chi_tiet where cid = 4 LIMIT 1 OFFSET  2] 
22.03.2022 05:07:21 sql=[SELECT * FROM chi_tiet where cid = 4 LIMIT 1 OFFSET  3] 
22.03.2022 05:07:21 sql=[SELECT * FROM chi_tiet where cid = 4 LIMIT 1 OFFSET  4] 
22.03.2022 05:07:21 sql=[SELECT * FROM chi_tiet where cid = 4 LIMIT 1 OFFSET  5] 
22.03.2022 05:07:21 sql=[SELECT * FROM chi_tiet where cid = 4 LIMIT 1 OFFSET  6] 
22.03.2022 05:07:21 sql=[SELECT * FROM chi_tiet where cid = 4 LIMIT 1 OFFSET  7] 
22.03.2022 05:07:21 sql=[SELECT * FROM chi_tiet where cid = 4 LIMIT 1 OFFSET  8] 
22.03.2022 05:07:21 sql=[SELECT * FROM chi_tiet where cid = 4 LIMIT 1 OFFSET  9] 
22.03.2022 05:07:23 sql=[SELECT * FROM theloai LIMIT 1 OFFSET  0] 
22.03.2022 05:07:23 sql=[SELECT * FROM theloai LIMIT 1 OFFSET  1] 
22.03.2022 05:07:23 sql=[SELECT * FROM theloai LIMIT 1 OFFSET  2] 
22.03.2022 05:07:23 sql=[SELECT * FROM theloai LIMIT 1 OFFSET  3] 
22.03.2022 05:07:23 sql=[SELECT * FROM theloai LIMIT 1 OFFSET  4] 
22.03.2022 05:07:23 sql=[SELECT * FROM theloai where id_theloai = 1] 
22.03.2022 05:07:23 sql=[SELECT * FROM chi_tiet where cid = 1 LIMIT 1 OFFSET  0] 
22.03.2022 05:07:23 sql=[SELECT * FROM chi_tiet where cid = 1 LIMIT 1 OFFSET  1] 
22.03.2022 05:07:23 sql=[SELECT * FROM chi_tiet where cid = 1 LIMIT 1 OFFSET  2] 
22.03.2022 05:07:23 sql=[SELECT * FROM chi_tiet where cid = 1 LIMIT 1 OFFSET  3] 
22.03.2022 05:07:23 sql=[SELECT * FROM chi_tiet where cid = 1 LIMIT 1 OFFSET  4] 
22.03.2022 05:07:23 sql=[SELECT * FROM chi_tiet where cid = 1 LIMIT 1 OFFSET  5] 
22.03.2022 05:07:23 sql=[SELECT * FROM chi_tiet where cid = 1 LIMIT 1 OFFSET  6] 
22.03.2022 05:07:23 sql=[SELECT * FROM chi_tiet where cid = 1 LIMIT 1 OFFSET  7] 
22.03.2022 05:07:23 sql=[SELECT * FROM chi_tiet where cid = 1 LIMIT 1 OFFSET  8] 
22.03.2022 05:07:23 sql=[SELECT * FROM chi_tiet where cid = 1 LIMIT 1 OFFSET  9] 
22.03.2022 05:07:27 sql=[SELECT * FROM theloai LIMIT 1 OFFSET  0] 
22.03.2022 05:07:27 sql=[SELECT * FROM theloai LIMIT 1 OFFSET  1] 
22.03.2022 05:07:27 sql=[SELECT * FROM theloai LIMIT 1 OFFSET  2] 
22.03.2022 05:07:27 sql=[SELECT * FROM theloai LIMIT 1 OFFSET  3] 
22.03.2022 05:07:27 sql=[SELECT * FROM theloai LIMIT 1 OFFSET  4] 
22.03.2022 05:07:27 sql=[SELECT * FROM theloai where id_theloai = 2] 
22.03.2022 05:07:27 sql=[SELECT * FROM chi_tiet where cid = 2 LIMIT 1 OFFSET  0] 
22.03.2022 05:07:27 sql=[SELECT * FROM chi_tiet where cid = 2 LIMIT 1 OFFSET  1] 
22.03.2022 05:07:27 sql=[SELECT * FROM chi_tiet where cid = 2 LIMIT 1 OFFSET  2] 
22.03.2022 05:07:27 sql=[SELECT * FROM chi_tiet where cid = 2 LIMIT 1 OFFSET  3] 
22.03.2022 05:07:27 sql=[SELECT * FROM chi_tiet where cid = 2 LIMIT 1 OFFSET  4] 
22.03.2022 05:07:27 sql=[SELECT * FROM chi_tiet where cid = 2 LIMIT 1 OFFSET  5] 
22.03.2022 05:07:27 sql=[SELECT * FROM chi_tiet where cid = 2 LIMIT 1 OFFSET  6] 
22.03.2022 05:07:27 sql=[SELECT * FROM chi_tiet where cid = 2 LIMIT 1 OFFSET  7] 
22.03.2022 05:07:27 sql=[SELECT * FROM chi_tiet where cid = 2 LIMIT 1 OFFSET  8] 
22.03.2022 05:07:27 sql=[SELECT * FROM chi_tiet where cid = 2 LIMIT 1 OFFSET  9] 
22.03.2022 05:07:37 sql=[SELECT * FROM theloai LIMIT 1 OFFSET  0] 
22.03.2022 05:07:37 sql=[SELECT * FROM theloai LIMIT 1 OFFSET  1] 
22.03.2022 05:07:37 sql=[SELECT * FROM theloai LIMIT 1 OFFSET  2] 
22.03.2022 05:07:37 sql=[SELECT * FROM theloai LIMIT 1 OFFSET  3] 
22.03.2022 05:07:37 sql=[SELECT * FROM theloai LIMIT 1 OFFSET  4] 
22.03.2022 05:07:37 sql=[SELECT * FROM theloai where id_theloai = 4] 
22.03.2022 05:07:37 sql=[SELECT * FROM chi_tiet where cid = 4 LIMIT 1 OFFSET  0] 
22.03.2022 05:07:37 sql=[SELECT * FROM chi_tiet where cid = 4 LIMIT 1 OFFSET  1] 
22.03.2022 05:07:37 sql=[SELECT * FROM chi_tiet where cid = 4 LIMIT 1 OFFSET  2] 
22.03.2022 05:07:37 sql=[SELECT * FROM chi_tiet where cid = 4 LIMIT 1 OFFSET  3] 
22.03.2022 05:07:37 sql=[SELECT * FROM chi_tiet where cid = 4 LIMIT 1 OFFSET  4] 
22.03.2022 05:07:37 sql=[SELECT * FROM chi_tiet where cid = 4 LIMIT 1 OFFSET  5] 
22.03.2022 05:07:37 sql=[SELECT * FROM chi_tiet where cid = 4 LIMIT 1 OFFSET  6] 
22.03.2022 05:07:37 sql=[SELECT * FROM chi_tiet where cid = 4 LIMIT 1 OFFSET  7] 
22.03.2022 05:07:37 sql=[SELECT * FROM chi_tiet where cid = 4 LIMIT 1 OFFSET  8] 
22.03.2022 05:07:37 sql=[SELECT * FROM chi_tiet where cid = 4 LIMIT 1 OFFSET  9] 
22.03.2022 05:07:39 sql=[SELECT * FROM theloai LIMIT 1 OFFSET  0] 
22.03.2022 05:07:39 sql=[SELECT * FROM theloai LIMIT 1 OFFSET  1] 
22.03.2022 05:07:39 sql=[SELECT * FROM theloai LIMIT 1 OFFSET  2] 
22.03.2022 05:07:39 sql=[SELECT * FROM theloai LIMIT 1 OFFSET  3] 
22.03.2022 05:07:39 sql=[SELECT * FROM theloai LIMIT 1 OFFSET  4] 
22.03.2022 05:07:39 sql=[SELECT * FROM theloai where id_theloai = 5] 
22.03.2022 05:07:39 sql=[SELECT * FROM chi_tiet where cid = 5 LIMIT 1 OFFSET  0] 
22.03.2022 05:07:39 sql=[SELECT * FROM chi_tiet where cid = 5 LIMIT 1 OFFSET  1] 
22.03.2022 05:07:39 sql=[SELECT * FROM chi_tiet where cid = 5 LIMIT 1 OFFSET  2] 
22.03.2022 05:07:39 sql=[SELECT * FROM chi_tiet where cid = 5 LIMIT 1 OFFSET  3] 
22.03.2022 05:07:39 sql=[SELECT * FROM chi_tiet where cid = 5 LIMIT 1 OFFSET  4] 
22.03.2022 05:07:39 sql=[SELECT * FROM chi_tiet where cid = 5 LIMIT 1 OFFSET  5] 
22.03.2022 05:07:39 sql=[SELECT * FROM chi_tiet where cid = 5 LIMIT 1 OFFSET  6] 
22.03.2022 05:07:39 sql=[SELECT * FROM chi_tiet where cid = 5 LIMIT 1 OFFSET  7] 
22.03.2022 05:07:39 sql=[SELECT * FROM chi_tiet where cid = 5 LIMIT 1 OFFSET  8] 
22.03.2022 05:07:39 sql=[SELECT * FROM chi_tiet where cid = 5 LIMIT 1 OFFSET  9] 
22.03.2022 05:07:41 sql=[SELECT * FROM theloai LIMIT 1 OFFSET  0] 
22.03.2022 05:07:41 sql=[SELECT * FROM theloai LIMIT 1 OFFSET  1] 
22.03.2022 05:07:41 sql=[SELECT * FROM theloai LIMIT 1 OFFSET  2] 
22.03.2022 05:07:41 sql=[SELECT * FROM theloai LIMIT 1 OFFSET  3] 
22.03.2022 05:07:41 sql=[SELECT * FROM theloai LIMIT 1 OFFSET  4] 
22.03.2022 05:07:41 sql=[SELECT * FROM theloai where id_theloai = 3] 
22.03.2022 05:07:41 sql=[SELECT * FROM chi_tiet where cid = 3 LIMIT 1 OFFSET  0] 
22.03.2022 05:07:41 sql=[SELECT * FROM chi_tiet where cid = 3 LIMIT 1 OFFSET  1] 
22.03.2022 05:07:41 sql=[SELECT * FROM chi_tiet where cid = 3 LIMIT 1 OFFSET  2] 
22.03.2022 05:07:41 sql=[SELECT * FROM chi_tiet where cid = 3 LIMIT 1 OFFSET  3] 
22.03.2022 05:07:41 sql=[SELECT * FROM chi_tiet where cid = 3 LIMIT 1 OFFSET  4] 
22.03.2022 05:07:41 sql=[SELECT * FROM chi_tiet where cid = 3 LIMIT 1 OFFSET  5] 
22.03.2022 05:07:41 sql=[SELECT * FROM chi_tiet where cid = 3 LIMIT 1 OFFSET  6] 
22.03.2022 05:07:42 sql=[SELECT * FROM chi_tiet where cid = 3 LIMIT 1 OFFSET  7] 
22.03.2022 05:07:42 sql=[SELECT * FROM chi_tiet where cid = 3 LIMIT 1 OFFSET  8] 
22.03.2022 05:07:42 sql=[SELECT * FROM chi_tiet where cid = 3 LIMIT 1 OFFSET  9] 
22.03.2022 05:07:44 sql=[SELECT * FROM theloai LIMIT 1 OFFSET  0] 
22.03.2022 05:07:44 sql=[SELECT * FROM theloai LIMIT 1 OFFSET  1] 
22.03.2022 05:07:44 sql=[SELECT * FROM theloai LIMIT 1 OFFSET  2] 
22.03.2022 05:07:44 sql=[SELECT * FROM theloai LIMIT 1 OFFSET  3] 
22.03.2022 05:07:44 sql=[SELECT * FROM theloai LIMIT 1 OFFSET  4] 
22.03.2022 05:07:44 sql=[SELECT * FROM theloai where id_theloai = 2] 
22.03.2022 05:07:44 sql=[SELECT * FROM chi_tiet where cid = 2 LIMIT 1 OFFSET  0] 
22.03.2022 05:07:44 sql=[SELECT * FROM chi_tiet where cid = 2 LIMIT 1 OFFSET  1] 
22.03.2022 05:07:44 sql=[SELECT * FROM chi_tiet where cid = 2 LIMIT 1 OFFSET  2] 
22.03.2022 05:07:44 sql=[SELECT * FROM chi_tiet where cid = 2 LIMIT 1 OFFSET  3] 
22.03.2022 05:07:44 sql=[SELECT * FROM chi_tiet where cid = 2 LIMIT 1 OFFSET  4] 
22.03.2022 05:07:44 sql=[SELECT * FROM chi_tiet where cid = 2 LIMIT 1 OFFSET  5] 
22.03.2022 05:07:44 sql=[SELECT * FROM chi_tiet where cid = 2 LIMIT 1 OFFSET  6] 
22.03.2022 05:07:44 sql=[SELECT * FROM chi_tiet where cid = 2 LIMIT 1 OFFSET  7] 
22.03.2022 05:07:44 sql=[SELECT * FROM chi_tiet where cid = 2 LIMIT 1 OFFSET  8] 
22.03.2022 05:07:44 sql=[SELECT * FROM chi_tiet where cid = 2 LIMIT 1 OFFSET  9] 
22.03.2022 05:07:50 sql=[SELECT * FROM theloai LIMIT 1 OFFSET  0] 
22.03.2022 05:07:50 sql=[SELECT * FROM theloai LIMIT 1 OFFSET  1] 
22.03.2022 05:07:50 sql=[SELECT * FROM theloai LIMIT 1 OFFSET  2] 
22.03.2022 05:07:50 sql=[SELECT * FROM theloai LIMIT 1 OFFSET  3] 
22.03.2022 05:07:50 sql=[SELECT * FROM theloai LIMIT 1 OFFSET  4] 
22.03.2022 05:07:50 sql=[SELECT * FROM theloai where id_theloai = 1] 
22.03.2022 05:07:50 sql=[SELECT * FROM chi_tiet where cid = 1 LIMIT 1 OFFSET  0] 
22.03.2022 05:07:50 sql=[SELECT * FROM chi_tiet where cid = 1 LIMIT 1 OFFSET  1] 
22.03.2022 05:07:50 sql=[SELECT * FROM chi_tiet where cid = 1 LIMIT 1 OFFSET  2] 
22.03.2022 05:07:50 sql=[SELECT * FROM chi_tiet where cid = 1 LIMIT 1 OFFSET  3] 
22.03.2022 05:07:50 sql=[SELECT * FROM chi_tiet where cid = 1 LIMIT 1 OFFSET  4] 
22.03.2022 05:07:50 sql=[SELECT * FROM chi_tiet where cid = 1 LIMIT 1 OFFSET  5] 
22.03.2022 05:07:50 sql=[SELECT * FROM chi_tiet where cid = 1 LIMIT 1 OFFSET  6] 
22.03.2022 05:07:50 sql=[SELECT * FROM chi_tiet where cid = 1 LIMIT 1 OFFSET  7] 
22.03.2022 05:07:50 sql=[SELECT * FROM chi_tiet where cid = 1 LIMIT 1 OFFSET  8] 
22.03.2022 05:07:50 sql=[SELECT * FROM chi_tiet where cid = 1 LIMIT 1 OFFSET  9] 
22.03.2022 05:07:55 sql=[SELECT * FROM theloai LIMIT 1 OFFSET  0] 
22.03.2022 05:07:55 sql=[SELECT * FROM theloai LIMIT 1 OFFSET  1] 
22.03.2022 05:07:55 sql=[SELECT * FROM theloai LIMIT 1 OFFSET  2] 
22.03.2022 05:07:55 sql=[SELECT * FROM theloai LIMIT 1 OFFSET  3] 
22.03.2022 05:07:55 sql=[SELECT * FROM theloai LIMIT 1 OFFSET  4] 
22.03.2022 05:07:55 sql=[SELECT * FROM theloai where id_theloai = 2] 
22.03.2022 05:07:55 sql=[SELECT * FROM chi_tiet where cid = 2 LIMIT 1 OFFSET  0] 
22.03.2022 05:07:55 sql=[SELECT * FROM chi_tiet where cid = 2 LIMIT 1 OFFSET  1] 
22.03.2022 05:07:55 sql=[SELECT * FROM chi_tiet where cid = 2 LIMIT 1 OFFSET  2] 
22.03.2022 05:07:55 sql=[SELECT * FROM chi_tiet where cid = 2 LIMIT 1 OFFSET  3] 
22.03.2022 05:07:55 sql=[SELECT * FROM chi_tiet where cid = 2 LIMIT 1 OFFSET  4] 
22.03.2022 05:07:55 sql=[SELECT * FROM chi_tiet where cid = 2 LIMIT 1 OFFSET  5] 
22.03.2022 05:07:55 sql=[SELECT * FROM chi_tiet where cid = 2 LIMIT 1 OFFSET  6] 
22.03.2022 05:07:55 sql=[SELECT * FROM chi_tiet where cid = 2 LIMIT 1 OFFSET  7] 
22.03.2022 05:07:55 sql=[SELECT * FROM chi_tiet where cid = 2 LIMIT 1 OFFSET  8] 
22.03.2022 05:07:55 sql=[SELECT * FROM chi_tiet where cid = 2 LIMIT 1 OFFSET  9] 
22.03.2022 05:07:58 sql=[SELECT * FROM theloai LIMIT 1 OFFSET  0] 
22.03.2022 05:07:58 sql=[SELECT * FROM theloai LIMIT 1 OFFSET  1] 
22.03.2022 05:07:58 sql=[SELECT * FROM theloai LIMIT 1 OFFSET  2] 
22.03.2022 05:07:58 sql=[SELECT * FROM theloai LIMIT 1 OFFSET  3] 
22.03.2022 05:07:58 sql=[SELECT * FROM theloai LIMIT 1 OFFSET  4] 
22.03.2022 05:07:58 sql=[SELECT * FROM theloai where id_theloai = 1] 
22.03.2022 05:07:58 sql=[SELECT * FROM chi_tiet where cid = 1 LIMIT 1 OFFSET  0] 
22.03.2022 05:07:58 sql=[SELECT * FROM chi_tiet where cid = 1 LIMIT 1 OFFSET  1] 
22.03.2022 05:07:58 sql=[SELECT * FROM chi_tiet where cid = 1 LIMIT 1 OFFSET  2] 
22.03.2022 05:07:58 sql=[SELECT * FROM chi_tiet where cid = 1 LIMIT 1 OFFSET  3] 
22.03.2022 05:07:58 sql=[SELECT * FROM chi_tiet where cid = 1 LIMIT 1 OFFSET  4] 
22.03.2022 05:07:58 sql=[SELECT * FROM chi_tiet where cid = 1 LIMIT 1 OFFSET  5] 
22.03.2022 05:07:58 sql=[SELECT * FROM chi_tiet where cid = 1 LIMIT 1 OFFSET  6] 
22.03.2022 05:07:58 sql=[SELECT * FROM chi_tiet where cid = 1 LIMIT 1 OFFSET  7] 
22.03.2022 05:07:58 sql=[SELECT * FROM chi_tiet where cid = 1 LIMIT 1 OFFSET  8] 
22.03.2022 05:07:58 sql=[SELECT * FROM chi_tiet where cid = 1 LIMIT 1 OFFSET  9] 
22.03.2022 05:08:00 sql=[SELECT * FROM theloai LIMIT 1 OFFSET  0] 
22.03.2022 05:08:00 sql=[SELECT * FROM theloai LIMIT 1 OFFSET  1] 
22.03.2022 05:08:00 sql=[SELECT * FROM theloai LIMIT 1 OFFSET  2] 
22.03.2022 05:08:00 sql=[SELECT * FROM theloai LIMIT 1 OFFSET  3] 
22.03.2022 05:08:00 sql=[SELECT * FROM theloai LIMIT 1 OFFSET  4] 
22.03.2022 05:08:00 sql=[SELECT * FROM theloai where id_theloai = 2] 
22.03.2022 05:08:00 sql=[SELECT * FROM chi_tiet where cid = 2 LIMIT 1 OFFSET  0] 
22.03.2022 05:08:00 sql=[SELECT * FROM chi_tiet where cid = 2 LIMIT 1 OFFSET  1] 
22.03.2022 05:08:00 sql=[SELECT * FROM chi_tiet where cid = 2 LIMIT 1 OFFSET  2] 
22.03.2022 05:08:00 sql=[SELECT * FROM chi_tiet where cid = 2 LIMIT 1 OFFSET  3] 
22.03.2022 05:08:00 sql=[SELECT * FROM chi_tiet where cid = 2 LIMIT 1 OFFSET  4] 
22.03.2022 05:08:00 sql=[SELECT * FROM chi_tiet where cid = 2 LIMIT 1 OFFSET  5] 
22.03.2022 05:08:00 sql=[SELECT * FROM chi_tiet where cid = 2 LIMIT 1 OFFSET  6] 
22.03.2022 05:08:00 sql=[SELECT * FROM chi_tiet where cid = 2 LIMIT 1 OFFSET  7] 
22.03.2022 05:08:00 sql=[SELECT * FROM chi_tiet where cid = 2 LIMIT 1 OFFSET  8] 
22.03.2022 05:08:00 sql=[SELECT * FROM chi_tiet where cid = 2 LIMIT 1 OFFSET  9] 
22.03.2022 05:11:12 sql=[SELECT * FROM theloai LIMIT 1 OFFSET  0] 
22.03.2022 05:11:12 sql=[SELECT * FROM theloai LIMIT 1 OFFSET  1] 
22.03.2022 05:11:12 sql=[SELECT * FROM theloai LIMIT 1 OFFSET  2] 
22.03.2022 05:11:12 sql=[SELECT * FROM theloai LIMIT 1 OFFSET  3] 
22.03.2022 05:11:12 sql=[SELECT * FROM theloai LIMIT 1 OFFSET  4] 
22.03.2022 05:11:12 sql=[SELECT * FROM theloai where id_theloai = 2] 
22.03.2022 05:11:12 sql=[SELECT * FROM chi_tiet where cid = 2 LIMIT 1 OFFSET  0] 
22.03.2022 05:11:12 sql=[SELECT * FROM chi_tiet where cid = 2 LIMIT 1 OFFSET  1] 
22.03.2022 05:11:12 sql=[SELECT * FROM chi_tiet where cid = 2 LIMIT 1 OFFSET  2] 
22.03.2022 05:11:12 sql=[SELECT * FROM chi_tiet where cid = 2 LIMIT 1 OFFSET  3] 
22.03.2022 05:11:12 sql=[SELECT * FROM chi_tiet where cid = 2 LIMIT 1 OFFSET  4] 
22.03.2022 05:11:12 sql=[SELECT * FROM chi_tiet where cid = 2 LIMIT 1 OFFSET  5] 
22.03.2022 05:11:12 sql=[SELECT * FROM chi_tiet where cid = 2 LIMIT 1 OFFSET  6] 
22.03.2022 05:11:12 sql=[SELECT * FROM chi_tiet where cid = 2 LIMIT 1 OFFSET  7] 
22.03.2022 05:11:12 sql=[SELECT * FROM chi_tiet where cid = 2 LIMIT 1 OFFSET  8] 
22.03.2022 05:11:12 sql=[SELECT * FROM chi_tiet where cid = 2 LIMIT 1 OFFSET  9] 
22.03.2022 05:12:27 sql=[SELECT * FROM theloai LIMIT 1 OFFSET  0] 
22.03.2022 05:12:27 sql=[SELECT * FROM theloai LIMIT 1 OFFSET  1] 
22.03.2022 05:12:27 sql=[SELECT * FROM theloai LIMIT 1 OFFSET  2] 
22.03.2022 05:12:27 sql=[SELECT * FROM theloai LIMIT 1 OFFSET  3] 
22.03.2022 05:12:27 sql=[SELECT * FROM theloai LIMIT 1 OFFSET  4] 
22.03.2022 05:12:27 sql=[SELECT * FROM theloai where id_theloai = 2] 
22.03.2022 05:12:27 sql=[SELECT * FROM chi_tiet where cid = 2 LIMIT 1 OFFSET  0] 
22.03.2022 05:12:27 sql=[SELECT * FROM chi_tiet where cid = 2 LIMIT 1 OFFSET  1] 
22.03.2022 05:12:27 sql=[SELECT * FROM chi_tiet where cid = 2 LIMIT 1 OFFSET  2] 
22.03.2022 05:12:27 sql=[SELECT * FROM chi_tiet where cid = 2 LIMIT 1 OFFSET  3] 
22.03.2022 05:12:27 sql=[SELECT * FROM chi_tiet where cid = 2 LIMIT 1 OFFSET  4] 
22.03.2022 05:12:27 sql=[SELECT * FROM chi_tiet where cid = 2 LIMIT 1 OFFSET  5] 
22.03.2022 05:12:27 sql=[SELECT * FROM chi_tiet where cid = 2 LIMIT 1 OFFSET  6] 
22.03.2022 05:12:27 sql=[SELECT * FROM chi_tiet where cid = 2 LIMIT 1 OFFSET  7] 
22.03.2022 05:12:27 sql=[SELECT * FROM chi_tiet where cid = 2 LIMIT 1 OFFSET  8] 
22.03.2022 05:12:27 sql=[SELECT * FROM chi_tiet where cid = 2 LIMIT 1 OFFSET  9] 
22.03.2022 05:12:42 sql=[SELECT * FROM theloai LIMIT 1 OFFSET  0] 
22.03.2022 05:12:42 sql=[SELECT * FROM theloai LIMIT 1 OFFSET  1] 
22.03.2022 05:12:42 sql=[SELECT * FROM theloai LIMIT 1 OFFSET  2] 
22.03.2022 05:12:42 sql=[SELECT * FROM theloai LIMIT 1 OFFSET  3] 
22.03.2022 05:12:42 sql=[SELECT * FROM theloai LIMIT 1 OFFSET  4] 
22.03.2022 05:12:42 sql=[SELECT * FROM chi_tiet LIMIT 1 OFFSET  0] 
22.03.2022 05:12:42 sql=[SELECT * FROM chi_tiet LIMIT 1 OFFSET  1] 
22.03.2022 05:12:42 sql=[SELECT * FROM chi_tiet LIMIT 1 OFFSET  2] 
22.03.2022 05:12:42 sql=[SELECT * FROM chi_tiet LIMIT 1 OFFSET  3] 
22.03.2022 05:12:42 sql=[SELECT * FROM chi_tiet LIMIT 1 OFFSET  4] 
22.03.2022 05:12:42 sql=[SELECT * FROM chi_tiet LIMIT 1 OFFSET  5] 
22.03.2022 05:12:42 sql=[SELECT * FROM chi_tiet LIMIT 1 OFFSET  6] 
22.03.2022 05:12:42 sql=[SELECT * FROM chi_tiet LIMIT 1 OFFSET  7] 
22.03.2022 05:12:42 sql=[SELECT * FROM chi_tiet LIMIT 1 OFFSET  8] 
22.03.2022 05:12:42 sql=[SELECT * FROM chi_tiet LIMIT 1 OFFSET  9] 
22.03.2022 05:12:42 sql=[SELECT * FROM chi_tiet LIMIT 1 OFFSET  10] 
22.03.2022 05:12:42 sql=[SELECT * FROM chi_tiet LIMIT 1 OFFSET  11] 
22.03.2022 05:12:46 sql=[SELECT * FROM theloai LIMIT 1 OFFSET  0] 
22.03.2022 05:12:46 sql=[SELECT * FROM theloai LIMIT 1 OFFSET  1] 
22.03.2022 05:12:46 sql=[SELECT * FROM theloai LIMIT 1 OFFSET  2] 
22.03.2022 05:12:46 sql=[SELECT * FROM theloai LIMIT 1 OFFSET  3] 
22.03.2022 05:12:46 sql=[SELECT * FROM theloai LIMIT 1 OFFSET  4] 
22.03.2022 05:12:46 sql=[SELECT * FROM chi_tiet LIMIT 1 OFFSET  0] 
22.03.2022 05:12:46 sql=[SELECT * FROM chi_tiet LIMIT 1 OFFSET  1] 
22.03.2022 05:12:46 sql=[SELECT * FROM chi_tiet LIMIT 1 OFFSET  2] 
22.03.2022 05:12:46 sql=[SELECT * FROM chi_tiet LIMIT 1 OFFSET  3] 
22.03.2022 05:12:46 sql=[SELECT * FROM chi_tiet LIMIT 1 OFFSET  4] 
22.03.2022 05:12:46 sql=[SELECT * FROM chi_tiet LIMIT 1 OFFSET  5] 
22.03.2022 05:12:46 sql=[SELECT * FROM chi_tiet LIMIT 1 OFFSET  6] 
22.03.2022 05:12:46 sql=[SELECT * FROM chi_tiet LIMIT 1 OFFSET  7] 
22.03.2022 05:12:46 sql=[SELECT * FROM chi_tiet LIMIT 1 OFFSET  8] 
22.03.2022 05:12:46 sql=[SELECT * FROM chi_tiet LIMIT 1 OFFSET  9] 
22.03.2022 05:12:46 sql=[SELECT * FROM chi_tiet LIMIT 1 OFFSET  10] 
22.03.2022 05:12:46 sql=[SELECT * FROM chi_tiet LIMIT 1 OFFSET  11] 
22.03.2022 05:14:19 sql=[SELECT * FROM theloai LIMIT 1 OFFSET  0] 
22.03.2022 05:14:19 sql=[SELECT * FROM theloai LIMIT 1 OFFSET  1] 
22.03.2022 05:14:19 sql=[SELECT * FROM theloai LIMIT 1 OFFSET  2] 
22.03.2022 05:14:19 sql=[SELECT * FROM theloai LIMIT 1 OFFSET  3] 
22.03.2022 05:14:19 sql=[SELECT * FROM theloai LIMIT 1 OFFSET  4] 
22.03.2022 05:14:19 sql=[SELECT * FROM theloai where id_theloai = 1] 
22.03.2022 05:14:19 sql=[SELECT * FROM chi_tiet where cid = 1 LIMIT 1 OFFSET  0] 
22.03.2022 05:14:19 sql=[SELECT * FROM chi_tiet where cid = 1 LIMIT 1 OFFSET  1] 
22.03.2022 05:14:19 sql=[SELECT * FROM chi_tiet where cid = 1 LIMIT 1 OFFSET  2] 
22.03.2022 05:14:19 sql=[SELECT * FROM chi_tiet where cid = 1 LIMIT 1 OFFSET  3] 
22.03.2022 05:14:19 sql=[SELECT * FROM chi_tiet where cid = 1 LIMIT 1 OFFSET  4] 
22.03.2022 05:14:19 sql=[SELECT * FROM chi_tiet where cid = 1 LIMIT 1 OFFSET  5] 
22.03.2022 05:14:19 sql=[SELECT * FROM chi_tiet where cid = 1 LIMIT 1 OFFSET  6] 
22.03.2022 05:14:19 sql=[SELECT * FROM chi_tiet where cid = 1 LIMIT 1 OFFSET  7] 
22.03.2022 05:14:19 sql=[SELECT * FROM chi_tiet where cid = 1 LIMIT 1 OFFSET  8] 
22.03.2022 05:14:19 sql=[SELECT * FROM chi_tiet where cid = 1 LIMIT 1 OFFSET  9] 
22.03.2022 05:14:39 sql=[SELECT * FROM chi_tiet WHERE id_chitiet=1] 
22.03.2022 05:14:39 sql=[SELECT * FROM theloai LIMIT 1 OFFSET  0] 
22.03.2022 05:14:39 sql=[SELECT * FROM theloai LIMIT 1 OFFSET  1] 
22.03.2022 05:14:39 sql=[SELECT * FROM theloai LIMIT 1 OFFSET  2] 
22.03.2022 05:14:39 sql=[SELECT * FROM theloai LIMIT 1 OFFSET  3] 
22.03.2022 05:14:39 sql=[SELECT * FROM theloai LIMIT 1 OFFSET  4] 
22.03.2022 05:15:29 sql=[SELECT * FROM theloai LIMIT 1 OFFSET  0] 
22.03.2022 05:15:29 sql=[SELECT * FROM theloai LIMIT 1 OFFSET  1] 
22.03.2022 05:15:29 sql=[SELECT * FROM theloai LIMIT 1 OFFSET  2] 
22.03.2022 05:15:29 sql=[SELECT * FROM theloai LIMIT 1 OFFSET  3] 
22.03.2022 05:15:29 sql=[SELECT * FROM theloai LIMIT 1 OFFSET  4] 
22.03.2022 05:15:29 sql=[SELECT * FROM theloai where id_theloai = 1] 
22.03.2022 05:15:29 sql=[SELECT * FROM chi_tiet where cid = 1 LIMIT 1 OFFSET  0] 
22.03.2022 05:15:29 sql=[SELECT * FROM chi_tiet where cid = 1 LIMIT 1 OFFSET  1] 
22.03.2022 05:15:29 sql=[SELECT * FROM chi_tiet where cid = 1 LIMIT 1 OFFSET  2] 
22.03.2022 05:15:29 sql=[SELECT * FROM chi_tiet where cid = 1 LIMIT 1 OFFSET  3] 
22.03.2022 05:15:29 sql=[SELECT * FROM chi_tiet where cid = 1 LIMIT 1 OFFSET  4] 
22.03.2022 05:15:29 sql=[SELECT * FROM chi_tiet where cid = 1 LIMIT 1 OFFSET  5] 
22.03.2022 05:15:29 sql=[SELECT * FROM chi_tiet where cid = 1 LIMIT 1 OFFSET  6] 
22.03.2022 05:15:29 sql=[SELECT * FROM chi_tiet where cid = 1 LIMIT 1 OFFSET  7] 
22.03.2022 05:15:29 sql=[SELECT * FROM chi_tiet where cid = 1 LIMIT 1 OFFSET  8] 
22.03.2022 05:15:29 sql=[SELECT * FROM chi_tiet where cid = 1 LIMIT 1 OFFSET  9] 
22.03.2022 05:15:31 sql=[SELECT * FROM chi_tiet WHERE id_chitiet=1] 
22.03.2022 05:15:31 sql=[SELECT * FROM theloai LIMIT 1 OFFSET  0] 
22.03.2022 05:15:31 sql=[SELECT * FROM theloai LIMIT 1 OFFSET  1] 
22.03.2022 05:15:31 sql=[SELECT * FROM theloai LIMIT 1 OFFSET  2] 
22.03.2022 05:15:31 sql=[SELECT * FROM theloai LIMIT 1 OFFSET  3] 
22.03.2022 05:15:31 sql=[SELECT * FROM theloai LIMIT 1 OFFSET  4] 
22.03.2022 05:15:35 sql=[SELECT * FROM chi_tiet WHERE id_chitiet=2] 
22.03.2022 05:15:35 sql=[SELECT * FROM theloai LIMIT 1 OFFSET  0] 
22.03.2022 05:15:35 sql=[SELECT * FROM theloai LIMIT 1 OFFSET  1] 
22.03.2022 05:15:35 sql=[SELECT * FROM theloai LIMIT 1 OFFSET  2] 
22.03.2022 05:15:35 sql=[SELECT * FROM theloai LIMIT 1 OFFSET  3] 
22.03.2022 05:15:35 sql=[SELECT * FROM theloai LIMIT 1 OFFSET  4] 
22.03.2022 05:15:38 sql=[SELECT * FROM chi_tiet WHERE id_chitiet=9] 
22.03.2022 05:15:38 sql=[SELECT * FROM theloai LIMIT 1 OFFSET  0] 
22.03.2022 05:15:38 sql=[SELECT * FROM theloai LIMIT 1 OFFSET  1] 
22.03.2022 05:15:38 sql=[SELECT * FROM theloai LIMIT 1 OFFSET  2] 
22.03.2022 05:15:38 sql=[SELECT * FROM theloai LIMIT 1 OFFSET  3] 
22.03.2022 05:15:38 sql=[SELECT * FROM theloai LIMIT 1 OFFSET  4] 
22.03.2022 05:15:54 sql=[SELECT * FROM theloai LIMIT 1 OFFSET  0] 
22.03.2022 05:15:54 sql=[SELECT * FROM theloai LIMIT 1 OFFSET  1] 
22.03.2022 05:15:54 sql=[SELECT * FROM theloai LIMIT 1 OFFSET  2] 
22.03.2022 05:15:54 sql=[SELECT * FROM theloai LIMIT 1 OFFSET  3] 
22.03.2022 05:15:54 sql=[SELECT * FROM theloai LIMIT 1 OFFSET  4] 
22.03.2022 05:15:54 sql=[SELECT * FROM chi_tiet LIMIT 1 OFFSET  0] 
22.03.2022 05:15:54 sql=[SELECT * FROM chi_tiet LIMIT 1 OFFSET  1] 
22.03.2022 05:15:54 sql=[SELECT * FROM chi_tiet LIMIT 1 OFFSET  2] 
22.03.2022 05:15:54 sql=[SELECT * FROM chi_tiet LIMIT 1 OFFSET  3] 
22.03.2022 05:15:54 sql=[SELECT * FROM chi_tiet LIMIT 1 OFFSET  4] 
22.03.2022 05:15:54 sql=[SELECT * FROM chi_tiet LIMIT 1 OFFSET  5] 
22.03.2022 05:15:54 sql=[SELECT * FROM chi_tiet LIMIT 1 OFFSET  6] 
22.03.2022 05:15:54 sql=[SELECT * FROM chi_tiet LIMIT 1 OFFSET  7] 
22.03.2022 05:15:54 sql=[SELECT * FROM chi_tiet LIMIT 1 OFFSET  8] 
22.03.2022 05:15:54 sql=[SELECT * FROM chi_tiet LIMIT 1 OFFSET  9] 
22.03.2022 05:15:54 sql=[SELECT * FROM chi_tiet LIMIT 1 OFFSET  10] 
22.03.2022 05:15:54 sql=[SELECT * FROM chi_tiet LIMIT 1 OFFSET  11] 
22.03.2022 05:16:03 sql=[SELECT * FROM chi_tiet WHERE id_chitiet=11] 
22.03.2022 05:16:03 sql=[SELECT * FROM theloai LIMIT 1 OFFSET  0] 
22.03.2022 05:16:03 sql=[SELECT * FROM theloai LIMIT 1 OFFSET  1] 
22.03.2022 05:16:03 sql=[SELECT * FROM theloai LIMIT 1 OFFSET  2] 
22.03.2022 05:16:03 sql=[SELECT * FROM theloai LIMIT 1 OFFSET  3] 
22.03.2022 05:16:03 sql=[SELECT * FROM theloai LIMIT 1 OFFSET  4] 
22.03.2022 05:17:48 sql=[SELECT * FROM chi_tiet WHERE id_chitiet=11] 
22.03.2022 05:17:48 sql=[SELECT * FROM theloai LIMIT 1 OFFSET  0] 
22.03.2022 05:17:48 sql=[SELECT * FROM theloai LIMIT 1 OFFSET  1] 
22.03.2022 05:17:48 sql=[SELECT * FROM theloai LIMIT 1 OFFSET  2] 
22.03.2022 05:17:48 sql=[SELECT * FROM theloai LIMIT 1 OFFSET  3] 
22.03.2022 05:17:48 sql=[SELECT * FROM theloai LIMIT 1 OFFSET  4] 
22.03.2022 05:17:51 sql=[SELECT * FROM chi_tiet WHERE id_chitiet=11] 
22.03.2022 05:17:51 sql=[SELECT * FROM theloai LIMIT 1 OFFSET  0] 
22.03.2022 05:17:51 sql=[SELECT * FROM theloai LIMIT 1 OFFSET  1] 
22.03.2022 05:17:51 sql=[SELECT * FROM theloai LIMIT 1 OFFSET  2] 
22.03.2022 05:17:51 sql=[SELECT * FROM theloai LIMIT 1 OFFSET  3] 
22.03.2022 05:17:51 sql=[SELECT * FROM theloai LIMIT 1 OFFSET  4] 
22.03.2022 05:20:02 sql=[SELECT * FROM chi_tiet WHERE id_chitiet=11] 
22.03.2022 05:20:02 sql=[SELECT * FROM theloai LIMIT 1 OFFSET  0] 
22.03.2022 05:20:02 sql=[SELECT * FROM theloai LIMIT 1 OFFSET  1] 
22.03.2022 05:20:02 sql=[SELECT * FROM theloai LIMIT 1 OFFSET  2] 
22.03.2022 05:20:02 sql=[SELECT * FROM theloai LIMIT 1 OFFSET  3] 
22.03.2022 05:20:02 sql=[SELECT * FROM theloai LIMIT 1 OFFSET  4] 
22.03.2022 05:20:11 sql=[SELECT * FROM chi_tiet WHERE id_chitiet=2] 
22.03.2022 05:20:11 sql=[SELECT * FROM theloai LIMIT 1 OFFSET  0] 
22.03.2022 05:20:11 sql=[SELECT * FROM theloai LIMIT 1 OFFSET  1] 
22.03.2022 05:20:11 sql=[SELECT * FROM theloai LIMIT 1 OFFSET  2] 
22.03.2022 05:20:11 sql=[SELECT * FROM theloai LIMIT 1 OFFSET  3] 
22.03.2022 05:20:11 sql=[SELECT * FROM theloai LIMIT 1 OFFSET  4] 
22.03.2022 05:20:18 sql=[SELECT * FROM chi_tiet WHERE id_chitiet=3] 
22.03.2022 05:20:18 sql=[SELECT * FROM theloai LIMIT 1 OFFSET  0] 
22.03.2022 05:20:18 sql=[SELECT * FROM theloai LIMIT 1 OFFSET  1] 
22.03.2022 05:20:18 sql=[SELECT * FROM theloai LIMIT 1 OFFSET  2] 
22.03.2022 05:20:18 sql=[SELECT * FROM theloai LIMIT 1 OFFSET  3] 
22.03.2022 05:20:18 sql=[SELECT * FROM theloai LIMIT 1 OFFSET  4] 
22.03.2022 05:39:12 sql=[SELECT * FROM theloai LIMIT 1 OFFSET  0] 
22.03.2022 05:39:12 sql=[SELECT * FROM theloai LIMIT 1 OFFSET  1] 
22.03.2022 05:39:12 sql=[SELECT * FROM theloai LIMIT 1 OFFSET  2] 
22.03.2022 05:39:12 sql=[SELECT * FROM theloai LIMIT 1 OFFSET  3] 
22.03.2022 05:39:12 sql=[SELECT * FROM theloai LIMIT 1 OFFSET  4] 
22.03.2022 05:39:12 sql=[SELECT * FROM theloai where id_theloai = 1] 
22.03.2022 05:39:12 sql=[SELECT * FROM chi_tiet where cid = 1 LIMIT 1 OFFSET  0] 
22.03.2022 05:39:12 sql=[SELECT * FROM chi_tiet where cid = 1 LIMIT 1 OFFSET  1] 
22.03.2022 05:39:12 sql=[SELECT * FROM chi_tiet where cid = 1 LIMIT 1 OFFSET  2] 
22.03.2022 05:39:12 sql=[SELECT * FROM chi_tiet where cid = 1 LIMIT 1 OFFSET  3] 
22.03.2022 05:39:12 sql=[SELECT * FROM chi_tiet where cid = 1 LIMIT 1 OFFSET  4] 
22.03.2022 05:39:12 sql=[SELECT * FROM chi_tiet where cid = 1 LIMIT 1 OFFSET  5] 
22.03.2022 05:39:12 sql=[SELECT * FROM chi_tiet where cid = 1 LIMIT 1 OFFSET  6] 
22.03.2022 05:39:12 sql=[SELECT * FROM chi_tiet where cid = 1 LIMIT 1 OFFSET  7] 
22.03.2022 05:39:12 sql=[SELECT * FROM chi_tiet where cid = 1 LIMIT 1 OFFSET  8] 
22.03.2022 05:39:12 sql=[SELECT * FROM chi_tiet where cid = 1 LIMIT 1 OFFSET  9] 
22.03.2022 06:00:30 sql=[SELECT * FROM theloai LIMIT 1 OFFSET  0] 
22.03.2022 06:00:30 sql=[SELECT * FROM theloai LIMIT 1 OFFSET  1] 
22.03.2022 06:00:30 sql=[SELECT * FROM theloai LIMIT 1 OFFSET  2] 
22.03.2022 06:00:30 sql=[SELECT * FROM theloai LIMIT 1 OFFSET  3] 
22.03.2022 06:00:31 sql=[SELECT * FROM theloai LIMIT 1 OFFSET  4] 
22.03.2022 06:00:31 sql=[SELECT * FROM chi_tiet LIMIT 1 OFFSET  0] 
22.03.2022 06:00:31 sql=[SELECT * FROM chi_tiet LIMIT 1 OFFSET  1] 
22.03.2022 06:00:31 sql=[SELECT * FROM chi_tiet LIMIT 1 OFFSET  2] 
22.03.2022 06:00:31 sql=[SELECT * FROM chi_tiet LIMIT 1 OFFSET  3] 
22.03.2022 06:00:31 sql=[SELECT * FROM chi_tiet LIMIT 1 OFFSET  4] 
22.03.2022 06:00:31 sql=[SELECT * FROM chi_tiet LIMIT 1 OFFSET  5] 
22.03.2022 06:00:31 sql=[SELECT * FROM chi_tiet LIMIT 1 OFFSET  6] 
22.03.2022 06:00:31 sql=[SELECT * FROM chi_tiet LIMIT 1 OFFSET  7] 
22.03.2022 06:00:31 sql=[SELECT * FROM chi_tiet LIMIT 1 OFFSET  8] 
22.03.2022 06:00:31 sql=[SELECT * FROM chi_tiet LIMIT 1 OFFSET  9] 
22.03.2022 06:00:31 sql=[SELECT * FROM chi_tiet LIMIT 1 OFFSET  10] 
22.03.2022 06:00:31 sql=[SELECT * FROM chi_tiet LIMIT 1 OFFSET  11] 
22.03.2022 06:01:09 sql=[SELECT * FROM theloai LIMIT 1 OFFSET  0] 
22.03.2022 06:01:09 sql=[SELECT * FROM theloai LIMIT 1 OFFSET  1] 
22.03.2022 06:01:09 sql=[SELECT * FROM theloai LIMIT 1 OFFSET  2] 
22.03.2022 06:01:09 sql=[SELECT * FROM theloai LIMIT 1 OFFSET  3] 
22.03.2022 06:01:09 sql=[SELECT * FROM theloai LIMIT 1 OFFSET  4] 
22.03.2022 06:01:09 sql=[SELECT * FROM chi_tiet LIMIT 1 OFFSET  0] 
22.03.2022 06:01:09 sql=[SELECT * FROM chi_tiet LIMIT 1 OFFSET  1] 
22.03.2022 06:01:09 sql=[SELECT * FROM chi_tiet LIMIT 1 OFFSET  2] 
22.03.2022 06:01:09 sql=[SELECT * FROM chi_tiet LIMIT 1 OFFSET  3] 
22.03.2022 06:01:09 sql=[SELECT * FROM chi_tiet LIMIT 1 OFFSET  4] 
22.03.2022 06:01:09 sql=[SELECT * FROM chi_tiet LIMIT 1 OFFSET  5] 
22.03.2022 06:01:09 sql=[SELECT * FROM chi_tiet LIMIT 1 OFFSET  6] 
22.03.2022 06:01:09 sql=[SELECT * FROM chi_tiet LIMIT 1 OFFSET  7] 
22.03.2022 06:01:09 sql=[SELECT * FROM chi_tiet LIMIT 1 OFFSET  8] 
22.03.2022 06:01:09 sql=[SELECT * FROM chi_tiet LIMIT 1 OFFSET  9] 
22.03.2022 06:01:09 sql=[SELECT * FROM chi_tiet LIMIT 1 OFFSET  10] 
22.03.2022 06:01:09 sql=[SELECT * FROM chi_tiet LIMIT 1 OFFSET  11] 
22.03.2022 06:01:27 sql=[select * from chi_tiet where  title like '%Nh tr mi xy%' ] 
22.03.2022 06:01:27 sql=[SELECT * FROM theloai LIMIT 1 OFFSET  0] 
22.03.2022 06:01:27 sql=[SELECT * FROM theloai LIMIT 1 OFFSET  1] 
22.03.2022 06:01:27 sql=[SELECT * FROM theloai LIMIT 1 OFFSET  2] 
22.03.2022 06:01:27 sql=[SELECT * FROM theloai LIMIT 1 OFFSET  3] 
22.03.2022 06:01:27 sql=[SELECT * FROM theloai LIMIT 1 OFFSET  4] 
22.03.2022 06:02:26 sql=[select * from chi_tiet where  title like '%Nh tr mi xy%' ] 
22.03.2022 06:02:26 sql=[SELECT * FROM theloai LIMIT 1 OFFSET  0] 
22.03.2022 06:02:26 sql=[SELECT * FROM theloai LIMIT 1 OFFSET  1] 
22.03.2022 06:02:26 sql=[SELECT * FROM theloai LIMIT 1 OFFSET  2] 
22.03.2022 06:02:26 sql=[SELECT * FROM theloai LIMIT 1 OFFSET  3] 
22.03.2022 06:02:26 sql=[SELECT * FROM theloai LIMIT 1 OFFSET  4] 
22.03.2022 06:02:51 sql=[select * from chi_tiet where  title like '%Nh tr mi xy%' ] 
22.03.2022 06:02:51 sql=[SELECT * FROM theloai LIMIT 1 OFFSET  0] 
22.03.2022 06:02:51 sql=[SELECT * FROM theloai LIMIT 1 OFFSET  1] 
22.03.2022 06:02:51 sql=[SELECT * FROM theloai LIMIT 1 OFFSET  2] 
22.03.2022 06:02:51 sql=[SELECT * FROM theloai LIMIT 1 OFFSET  3] 
22.03.2022 06:02:51 sql=[SELECT * FROM theloai LIMIT 1 OFFSET  4] 
22.03.2022 06:02:55 sql=[select * from chi_tiet where  title like '%Nh tr mi xy%' ] 
22.03.2022 06:02:55 sql=[SELECT * FROM theloai LIMIT 1 OFFSET  0] 
22.03.2022 06:02:55 sql=[SELECT * FROM theloai LIMIT 1 OFFSET  1] 
22.03.2022 06:02:55 sql=[SELECT * FROM theloai LIMIT 1 OFFSET  2] 
22.03.2022 06:02:55 sql=[SELECT * FROM theloai LIMIT 1 OFFSET  3] 
22.03.2022 06:02:55 sql=[SELECT * FROM theloai LIMIT 1 OFFSET  4] 
22.03.2022 06:03:37 sql=[select * from chi_tiet where  title like '%Nh tr mi xy%' ] 
22.03.2022 06:03:37 sql=[SELECT * FROM theloai LIMIT 1 OFFSET  0] 
22.03.2022 06:03:37 sql=[SELECT * FROM theloai LIMIT 1 OFFSET  1] 
22.03.2022 06:03:37 sql=[SELECT * FROM theloai LIMIT 1 OFFSET  2] 
22.03.2022 06:03:37 sql=[SELECT * FROM theloai LIMIT 1 OFFSET  3] 
22.03.2022 06:03:37 sql=[SELECT * FROM theloai LIMIT 1 OFFSET  4] 
22.03.2022 06:08:46 sql=[select * from chi_tiet where  title like '%Nh tr mi xy%' ] 
22.03.2022 06:08:46 sql=[select * from chi_tiet where  title like '%Nh tr mi xy%' ] 
22.03.2022 06:08:46 sql=[SELECT * FROM theloai LIMIT 1 OFFSET  0] 
22.03.2022 06:08:46 sql=[SELECT * FROM theloai LIMIT 1 OFFSET  1] 
22.03.2022 06:08:46 sql=[SELECT * FROM theloai LIMIT 1 OFFSET  2] 
22.03.2022 06:08:46 sql=[SELECT * FROM theloai LIMIT 1 OFFSET  3] 
22.03.2022 06:08:46 sql=[SELECT * FROM theloai LIMIT 1 OFFSET  4] 
22.03.2022 06:08:57 sql=[SELECT * FROM chi_tiet WHERE id_chitiet=24] 
22.03.2022 06:08:57 sql=[SELECT * FROM theloai LIMIT 1 OFFSET  0] 
22.03.2022 06:08:57 sql=[SELECT * FROM theloai LIMIT 1 OFFSET  1] 
22.03.2022 06:08:57 sql=[SELECT * FROM theloai LIMIT 1 OFFSET  2] 
22.03.2022 06:08:57 sql=[SELECT * FROM theloai LIMIT 1 OFFSET  3] 
22.03.2022 06:08:57 sql=[SELECT * FROM theloai LIMIT 1 OFFSET  4] 
22.03.2022 06:09:02 sql=[SELECT * FROM chi_tiet WHERE id_chitiet=14] 
22.03.2022 06:09:02 sql=[SELECT * FROM theloai LIMIT 1 OFFSET  0] 
22.03.2022 06:09:02 sql=[SELECT * FROM theloai LIMIT 1 OFFSET  1] 
22.03.2022 06:09:02 sql=[SELECT * FROM theloai LIMIT 1 OFFSET  2] 
22.03.2022 06:09:02 sql=[SELECT * FROM theloai LIMIT 1 OFFSET  3] 
22.03.2022 06:09:02 sql=[SELECT * FROM theloai LIMIT 1 OFFSET  4] 
22.03.2022 06:11:20 sql=[SELECT * FROM theloai LIMIT 1 OFFSET  0] 
22.03.2022 06:11:20 sql=[SELECT * FROM theloai LIMIT 1 OFFSET  1] 
22.03.2022 06:11:20 sql=[SELECT * FROM theloai LIMIT 1 OFFSET  2] 
22.03.2022 06:11:20 sql=[SELECT * FROM theloai LIMIT 1 OFFSET  3] 
22.03.2022 06:11:20 sql=[SELECT * FROM theloai LIMIT 1 OFFSET  4] 
22.03.2022 06:11:20 sql=[SELECT * FROM chi_tiet LIMIT 1 OFFSET  0] 
22.03.2022 06:11:20 sql=[SELECT * FROM chi_tiet LIMIT 1 OFFSET  1] 
22.03.2022 06:11:20 sql=[SELECT * FROM chi_tiet LIMIT 1 OFFSET  2] 
22.03.2022 06:11:20 sql=[SELECT * FROM chi_tiet LIMIT 1 OFFSET  3] 
22.03.2022 06:11:20 sql=[SELECT * FROM chi_tiet LIMIT 1 OFFSET  4] 
22.03.2022 06:11:20 sql=[SELECT * FROM chi_tiet LIMIT 1 OFFSET  5] 
22.03.2022 06:11:20 sql=[SELECT * FROM chi_tiet LIMIT 1 OFFSET  6] 
22.03.2022 06:11:20 sql=[SELECT * FROM chi_tiet LIMIT 1 OFFSET  7] 
22.03.2022 06:11:20 sql=[SELECT * FROM chi_tiet LIMIT 1 OFFSET  8] 
22.03.2022 06:11:20 sql=[SELECT * FROM chi_tiet LIMIT 1 OFFSET  9] 
22.03.2022 06:11:20 sql=[SELECT * FROM chi_tiet LIMIT 1 OFFSET  10] 
22.03.2022 06:11:20 sql=[SELECT * FROM chi_tiet LIMIT 1 OFFSET  11] 
22.03.2022 06:11:32 <!-- sql=[insert into login (email, password) values('nhatro@gmail.com', '123')] --> 
22.03.2022 06:11:32 sql=[SELECT * FROM theloai LIMIT 1 OFFSET  0] 
22.03.2022 06:11:32 sql=[SELECT * FROM theloai LIMIT 1 OFFSET  1] 
22.03.2022 06:11:32 sql=[SELECT * FROM theloai LIMIT 1 OFFSET  2] 
22.03.2022 06:11:32 sql=[SELECT * FROM theloai LIMIT 1 OFFSET  3] 
22.03.2022 06:11:33 sql=[SELECT * FROM theloai LIMIT 1 OFFSET  4] 
22.03.2022 06:11:33 sql=[SELECT * FROM chi_tiet LIMIT 1 OFFSET  0] 
22.03.2022 06:11:33 sql=[SELECT * FROM chi_tiet LIMIT 1 OFFSET  1] 
22.03.2022 06:11:33 sql=[SELECT * FROM chi_tiet LIMIT 1 OFFSET  2] 
22.03.2022 06:11:33 sql=[SELECT * FROM chi_tiet LIMIT 1 OFFSET  3] 
22.03.2022 06:11:33 sql=[SELECT * FROM chi_tiet LIMIT 1 OFFSET  4] 
22.03.2022 06:11:33 sql=[SELECT * FROM chi_tiet LIMIT 1 OFFSET  5] 
22.03.2022 06:11:33 sql=[SELECT * FROM chi_tiet LIMIT 1 OFFSET  6] 
22.03.2022 06:11:33 sql=[SELECT * FROM chi_tiet LIMIT 1 OFFSET  7] 
22.03.2022 06:11:33 sql=[SELECT * FROM chi_tiet LIMIT 1 OFFSET  8] 
22.03.2022 06:11:33 sql=[SELECT * FROM chi_tiet LIMIT 1 OFFSET  9] 
22.03.2022 06:11:33 sql=[SELECT * FROM chi_tiet LIMIT 1 OFFSET  10] 
22.03.2022 06:11:33 sql=[SELECT * FROM chi_tiet LIMIT 1 OFFSET  11] 
22.03.2022 06:11:47 sql=[select * from chi_tiet where  title like '%Nh tr mi xy%' ] 
22.03.2022 06:11:47 sql=[select * from chi_tiet where  title like '%Nh tr mi xy%' ] 
22.03.2022 06:11:47 sql=[SELECT * FROM theloai LIMIT 1 OFFSET  0] 
22.03.2022 06:11:47 sql=[SELECT * FROM theloai LIMIT 1 OFFSET  1] 
22.03.2022 06:11:47 sql=[SELECT * FROM theloai LIMIT 1 OFFSET  2] 
22.03.2022 06:11:47 sql=[SELECT * FROM theloai LIMIT 1 OFFSET  3] 
22.03.2022 06:11:47 sql=[SELECT * FROM theloai LIMIT 1 OFFSET  4] 
22.03.2022 06:11:55 sql=[SELECT * FROM chi_tiet WHERE id_chitiet=7] 
22.03.2022 06:11:55 sql=[SELECT * FROM theloai LIMIT 1 OFFSET  0] 
22.03.2022 06:11:55 sql=[SELECT * FROM theloai LIMIT 1 OFFSET  1] 
22.03.2022 06:11:55 sql=[SELECT * FROM theloai LIMIT 1 OFFSET  2] 
22.03.2022 06:11:55 sql=[SELECT * FROM theloai LIMIT 1 OFFSET  3] 
22.03.2022 06:11:55 sql=[SELECT * FROM theloai LIMIT 1 OFFSET  4] 
22.03.2022 06:11:57 sql=[SELECT * FROM theloai LIMIT 1 OFFSET  0] 
22.03.2022 06:11:57 sql=[SELECT * FROM theloai LIMIT 1 OFFSET  1] 
22.03.2022 06:11:57 sql=[SELECT * FROM theloai LIMIT 1 OFFSET  2] 
22.03.2022 06:11:57 sql=[SELECT * FROM theloai LIMIT 1 OFFSET  3] 
22.03.2022 06:11:57 sql=[SELECT * FROM theloai LIMIT 1 OFFSET  4] 
22.03.2022 06:11:57 sql=[SELECT * FROM theloai where id_theloai = 4] 
22.03.2022 06:11:57 sql=[SELECT * FROM chi_tiet where cid = 4 LIMIT 1 OFFSET  0] 
22.03.2022 06:11:57 sql=[SELECT * FROM chi_tiet where cid = 4 LIMIT 1 OFFSET  1] 
22.03.2022 06:11:57 sql=[SELECT * FROM chi_tiet where cid = 4 LIMIT 1 OFFSET  2] 
22.03.2022 06:11:57 sql=[SELECT * FROM chi_tiet where cid = 4 LIMIT 1 OFFSET  3] 
22.03.2022 06:11:57 sql=[SELECT * FROM chi_tiet where cid = 4 LIMIT 1 OFFSET  4] 
22.03.2022 06:11:57 sql=[SELECT * FROM chi_tiet where cid = 4 LIMIT 1 OFFSET  5] 
22.03.2022 06:11:57 sql=[SELECT * FROM chi_tiet where cid = 4 LIMIT 1 OFFSET  6] 
22.03.2022 06:11:57 sql=[SELECT * FROM chi_tiet where cid = 4 LIMIT 1 OFFSET  7] 
22.03.2022 06:11:57 sql=[SELECT * FROM chi_tiet where cid = 4 LIMIT 1 OFFSET  8] 
22.03.2022 06:11:57 sql=[SELECT * FROM chi_tiet where cid = 4 LIMIT 1 OFFSET  9] 
22.03.2022 06:11:59 sql=[SELECT * FROM theloai LIMIT 1 OFFSET  0] 
22.03.2022 06:11:59 sql=[SELECT * FROM theloai LIMIT 1 OFFSET  1] 
22.03.2022 06:11:59 sql=[SELECT * FROM theloai LIMIT 1 OFFSET  2] 
22.03.2022 06:11:59 sql=[SELECT * FROM theloai LIMIT 1 OFFSET  3] 
22.03.2022 06:11:59 sql=[SELECT * FROM theloai LIMIT 1 OFFSET  4] 
22.03.2022 06:11:59 sql=[SELECT * FROM theloai where id_theloai = 5] 
22.03.2022 06:11:59 sql=[SELECT * FROM chi_tiet where cid = 5 LIMIT 1 OFFSET  0] 
22.03.2022 06:11:59 sql=[SELECT * FROM chi_tiet where cid = 5 LIMIT 1 OFFSET  1] 
22.03.2022 06:11:59 sql=[SELECT * FROM chi_tiet where cid = 5 LIMIT 1 OFFSET  2] 
22.03.2022 06:11:59 sql=[SELECT * FROM chi_tiet where cid = 5 LIMIT 1 OFFSET  3] 
22.03.2022 06:11:59 sql=[SELECT * FROM chi_tiet where cid = 5 LIMIT 1 OFFSET  4] 
22.03.2022 06:11:59 sql=[SELECT * FROM chi_tiet where cid = 5 LIMIT 1 OFFSET  5] 
22.03.2022 06:11:59 sql=[SELECT * FROM chi_tiet where cid = 5 LIMIT 1 OFFSET  6] 
22.03.2022 06:11:59 sql=[SELECT * FROM chi_tiet where cid = 5 LIMIT 1 OFFSET  7] 
22.03.2022 06:11:59 sql=[SELECT * FROM chi_tiet where cid = 5 LIMIT 1 OFFSET  8] 
22.03.2022 06:11:59 sql=[SELECT * FROM chi_tiet where cid = 5 LIMIT 1 OFFSET  9] 
22.03.2022 06:12:01 sql=[SELECT * FROM theloai LIMIT 1 OFFSET  0] 
22.03.2022 06:12:01 sql=[SELECT * FROM theloai LIMIT 1 OFFSET  1] 
22.03.2022 06:12:01 sql=[SELECT * FROM theloai LIMIT 1 OFFSET  2] 
22.03.2022 06:12:01 sql=[SELECT * FROM theloai LIMIT 1 OFFSET  3] 
22.03.2022 06:12:01 sql=[SELECT * FROM theloai LIMIT 1 OFFSET  4] 
22.03.2022 06:12:01 sql=[SELECT * FROM theloai where id_theloai = 3] 
22.03.2022 06:12:01 sql=[SELECT * FROM chi_tiet where cid = 3 LIMIT 1 OFFSET  0] 
22.03.2022 06:12:01 sql=[SELECT * FROM chi_tiet where cid = 3 LIMIT 1 OFFSET  1] 
22.03.2022 06:12:01 sql=[SELECT * FROM chi_tiet where cid = 3 LIMIT 1 OFFSET  2] 
22.03.2022 06:12:01 sql=[SELECT * FROM chi_tiet where cid = 3 LIMIT 1 OFFSET  3] 
22.03.2022 06:12:01 sql=[SELECT * FROM chi_tiet where cid = 3 LIMIT 1 OFFSET  4] 
22.03.2022 06:12:01 sql=[SELECT * FROM chi_tiet where cid = 3 LIMIT 1 OFFSET  5] 
22.03.2022 06:12:01 sql=[SELECT * FROM chi_tiet where cid = 3 LIMIT 1 OFFSET  6] 
22.03.2022 06:12:01 sql=[SELECT * FROM chi_tiet where cid = 3 LIMIT 1 OFFSET  7] 
22.03.2022 06:12:01 sql=[SELECT * FROM chi_tiet where cid = 3 LIMIT 1 OFFSET  8] 
22.03.2022 06:12:01 sql=[SELECT * FROM chi_tiet where cid = 3 LIMIT 1 OFFSET  9] 
22.03.2022 06:12:03 sql=[SELECT * FROM theloai LIMIT 1 OFFSET  0] 
22.03.2022 06:12:03 sql=[SELECT * FROM theloai LIMIT 1 OFFSET  1] 
22.03.2022 06:12:03 sql=[SELECT * FROM theloai LIMIT 1 OFFSET  2] 
22.03.2022 06:12:03 sql=[SELECT * FROM theloai LIMIT 1 OFFSET  3] 
22.03.2022 06:12:03 sql=[SELECT * FROM theloai LIMIT 1 OFFSET  4] 
22.03.2022 06:12:03 sql=[SELECT * FROM theloai where id_theloai = 2] 
22.03.2022 06:12:03 sql=[SELECT * FROM chi_tiet where cid = 2 LIMIT 1 OFFSET  0] 
22.03.2022 06:12:03 sql=[SELECT * FROM chi_tiet where cid = 2 LIMIT 1 OFFSET  1] 
22.03.2022 06:12:03 sql=[SELECT * FROM chi_tiet where cid = 2 LIMIT 1 OFFSET  2] 
22.03.2022 06:12:03 sql=[SELECT * FROM chi_tiet where cid = 2 LIMIT 1 OFFSET  3] 
22.03.2022 06:12:03 sql=[SELECT * FROM chi_tiet where cid = 2 LIMIT 1 OFFSET  4] 
22.03.2022 06:12:03 sql=[SELECT * FROM chi_tiet where cid = 2 LIMIT 1 OFFSET  5] 
22.03.2022 06:12:03 sql=[SELECT * FROM chi_tiet where cid = 2 LIMIT 1 OFFSET  6] 
22.03.2022 06:12:03 sql=[SELECT * FROM chi_tiet where cid = 2 LIMIT 1 OFFSET  7] 
22.03.2022 06:12:03 sql=[SELECT * FROM chi_tiet where cid = 2 LIMIT 1 OFFSET  8] 
22.03.2022 06:12:03 sql=[SELECT * FROM chi_tiet where cid = 2 LIMIT 1 OFFSET  9] 
22.03.2022 06:12:04 sql=[SELECT * FROM theloai LIMIT 1 OFFSET  0] 
22.03.2022 06:12:04 sql=[SELECT * FROM theloai LIMIT 1 OFFSET  1] 
22.03.2022 06:12:04 sql=[SELECT * FROM theloai LIMIT 1 OFFSET  2] 
22.03.2022 06:12:04 sql=[SELECT * FROM theloai LIMIT 1 OFFSET  3] 
22.03.2022 06:12:04 sql=[SELECT * FROM theloai LIMIT 1 OFFSET  4] 
22.03.2022 06:12:04 sql=[SELECT * FROM theloai where id_theloai = 1] 
22.03.2022 06:12:04 sql=[SELECT * FROM chi_tiet where cid = 1 LIMIT 1 OFFSET  0] 
22.03.2022 06:12:04 sql=[SELECT * FROM chi_tiet where cid = 1 LIMIT 1 OFFSET  1] 
22.03.2022 06:12:04 sql=[SELECT * FROM chi_tiet where cid = 1 LIMIT 1 OFFSET  2] 
22.03.2022 06:12:04 sql=[SELECT * FROM chi_tiet where cid = 1 LIMIT 1 OFFSET  3] 
22.03.2022 06:12:04 sql=[SELECT * FROM chi_tiet where cid = 1 LIMIT 1 OFFSET  4] 
22.03.2022 06:12:04 sql=[SELECT * FROM chi_tiet where cid = 1 LIMIT 1 OFFSET  5] 
22.03.2022 06:12:04 sql=[SELECT * FROM chi_tiet where cid = 1 LIMIT 1 OFFSET  6] 
22.03.2022 06:12:04 sql=[SELECT * FROM chi_tiet where cid = 1 LIMIT 1 OFFSET  7] 
22.03.2022 06:12:04 sql=[SELECT * FROM chi_tiet where cid = 1 LIMIT 1 OFFSET  8] 
22.03.2022 06:12:04 sql=[SELECT * FROM chi_tiet where cid = 1 LIMIT 1 OFFSET  9] 
22.03.2022 06:12:08 sql=[SELECT * FROM theloai LIMIT 1 OFFSET  0] 
22.03.2022 06:12:08 sql=[SELECT * FROM theloai LIMIT 1 OFFSET  1] 
22.03.2022 06:12:08 sql=[SELECT * FROM theloai LIMIT 1 OFFSET  2] 
22.03.2022 06:12:08 sql=[SELECT * FROM theloai LIMIT 1 OFFSET  3] 
22.03.2022 06:12:08 sql=[SELECT * FROM theloai LIMIT 1 OFFSET  4] 
22.03.2022 06:12:08 sql=[SELECT * FROM chi_tiet LIMIT 1 OFFSET  0] 
22.03.2022 06:12:08 sql=[SELECT * FROM chi_tiet LIMIT 1 OFFSET  1] 
22.03.2022 06:12:08 sql=[SELECT * FROM chi_tiet LIMIT 1 OFFSET  2] 
22.03.2022 06:12:08 sql=[SELECT * FROM chi_tiet LIMIT 1 OFFSET  3] 
22.03.2022 06:12:08 sql=[SELECT * FROM chi_tiet LIMIT 1 OFFSET  4] 
22.03.2022 06:12:08 sql=[SELECT * FROM chi_tiet LIMIT 1 OFFSET  5] 
22.03.2022 06:12:08 sql=[SELECT * FROM chi_tiet LIMIT 1 OFFSET  6] 
22.03.2022 06:12:08 sql=[SELECT * FROM chi_tiet LIMIT 1 OFFSET  7] 
22.03.2022 06:12:08 sql=[SELECT * FROM chi_tiet LIMIT 1 OFFSET  8] 
22.03.2022 06:12:08 sql=[SELECT * FROM chi_tiet LIMIT 1 OFFSET  9] 
22.03.2022 06:12:08 sql=[SELECT * FROM chi_tiet LIMIT 1 OFFSET  10] 
22.03.2022 06:12:08 sql=[SELECT * FROM chi_tiet LIMIT 1 OFFSET  11] 
22.03.2022 06:12:27 sql=[SELECT * FROM chi_tiet WHERE id_chitiet=1] 
22.03.2022 06:12:27 sql=[SELECT * FROM theloai LIMIT 1 OFFSET  0] 
22.03.2022 06:12:27 sql=[SELECT * FROM theloai LIMIT 1 OFFSET  1] 
22.03.2022 06:12:27 sql=[SELECT * FROM theloai LIMIT 1 OFFSET  2] 
22.03.2022 06:12:27 sql=[SELECT * FROM theloai LIMIT 1 OFFSET  3] 
22.03.2022 06:12:27 sql=[SELECT * FROM theloai LIMIT 1 OFFSET  4] 
22.03.2022 06:31:50 sql=[SELECT * FROM theloai LIMIT 1 OFFSET  0] 
22.03.2022 06:31:50 sql=[SELECT * FROM theloai LIMIT 1 OFFSET  1] 
22.03.2022 06:31:50 sql=[SELECT * FROM theloai LIMIT 1 OFFSET  2] 
22.03.2022 06:31:50 sql=[SELECT * FROM theloai LIMIT 1 OFFSET  3] 
22.03.2022 06:31:50 sql=[SELECT * FROM theloai LIMIT 1 OFFSET  4] 
22.03.2022 06:31:50 sql=[SELECT * FROM chi_tiet LIMIT 1 OFFSET  0] 
22.03.2022 06:31:50 sql=[SELECT * FROM chi_tiet LIMIT 1 OFFSET  1] 
22.03.2022 06:31:50 sql=[SELECT * FROM chi_tiet LIMIT 1 OFFSET  2] 
22.03.2022 06:31:50 sql=[SELECT * FROM chi_tiet LIMIT 1 OFFSET  3] 
22.03.2022 06:31:50 sql=[SELECT * FROM chi_tiet LIMIT 1 OFFSET  4] 
22.03.2022 06:31:50 sql=[SELECT * FROM chi_tiet LIMIT 1 OFFSET  5] 
22.03.2022 06:31:50 sql=[SELECT * FROM chi_tiet LIMIT 1 OFFSET  6] 
22.03.2022 06:31:50 sql=[SELECT * FROM chi_tiet LIMIT 1 OFFSET  7] 
22.03.2022 06:31:50 sql=[SELECT * FROM chi_tiet LIMIT 1 OFFSET  8] 
22.03.2022 06:31:50 sql=[SELECT * FROM chi_tiet LIMIT 1 OFFSET  9] 
22.03.2022 06:31:50 sql=[SELECT * FROM chi_tiet LIMIT 1 OFFSET  10] 
22.03.2022 06:31:50 sql=[SELECT * FROM chi_tiet LIMIT 1 OFFSET  11] 
22.03.2022 06:31:53 sql=[select * from chi_tiet where  title like '%tivi%' ] 
22.03.2022 06:31:53 sql=[select * from chi_tiet where  title like '%tivi%' ] 
22.03.2022 06:31:53 sql=[SELECT * FROM theloai LIMIT 1 OFFSET  0] 
22.03.2022 06:31:53 sql=[SELECT * FROM theloai LIMIT 1 OFFSET  1] 
22.03.2022 06:31:53 sql=[SELECT * FROM theloai LIMIT 1 OFFSET  2] 
22.03.2022 06:31:53 sql=[SELECT * FROM theloai LIMIT 1 OFFSET  3] 
22.03.2022 06:31:53 sql=[SELECT * FROM theloai LIMIT 1 OFFSET  4] 
=======
22.03.2022 03:52:18 sql=[SELECT * FROM chi_tiet WHERE id_chitiet=0] 
22.03.2022 03:52:29 sql=[SELECT * FROM chi_tiet WHERE id_chitiet=2] 
22.03.2022 03:52:42 sql=[SELECT * FROM chi_tiet WHERE id_chitiet=3] 
>>>>>>> 1c543c55832c81c3b9c0ea84d8711ca1bfa816cc
